2021-01-17 07:03:28 INFO  EmployeesRestAPI:16 -****************Started TC001_Get_All Employees ******************
2021-01-17 07:03:32 INFO  EmployeesRestAPI:76 -**************** Checking Content Encoding **************************
2021-01-17 07:03:32 INFO  EmployeesRestAPI:84 -**************** Checking Content Length **************************
2021-01-17 07:03:32 INFO  EmployeesRestAPI:59 -**************** Checking Content Type **************************
2021-01-17 07:03:32 INFO  EmployeesRestAPI:95 -**************** Checking Cookies **************************
2021-01-17 07:03:32 INFO  EmployeesRestAPI:26 -**************** Checking Response Body **************************
2021-01-17 07:03:32 INFO  EmployeesRestAPI:41 -**************** Checking Response Time **************************
2021-01-17 07:03:32 INFO  EmployeesRestAPI:68 -**************** Checking Server Type **************************
2021-01-17 07:03:32 INFO  EmployeesRestAPI:33 -**************** Checking Status Code **************************
2021-01-17 07:03:32 INFO  EmployeesRestAPI:51 -**************** Checking Status Line **************************
2021-01-17 07:03:32 INFO  EmployeesRestAPI:104 -**************** Finished TC001_Get_All_Employees **************************
2021-01-17 07:04:33 INFO  EmployeesRestAPI:16 -****************Started TC001_Get_All Employees ******************
2021-01-17 07:04:37 INFO  EmployeesRestAPI:76 -**************** Checking Content Encoding **************************
2021-01-17 07:04:37 INFO  EmployeesRestAPI:84 -**************** Checking Content Length **************************
2021-01-17 07:04:37 INFO  EmployeesRestAPI:59 -**************** Checking Content Type **************************
2021-01-17 07:04:37 INFO  EmployeesRestAPI:95 -**************** Checking Cookies **************************
2021-01-17 07:04:37 INFO  EmployeesRestAPI:26 -**************** Checking Response Body **************************
2021-01-17 07:04:37 INFO  EmployeesRestAPI:41 -**************** Checking Response Time **************************
2021-01-17 07:04:37 INFO  EmployeesRestAPI:68 -**************** Checking Server Type **************************
2021-01-17 07:04:37 INFO  EmployeesRestAPI:33 -**************** Checking Status Code **************************
2021-01-17 07:04:37 INFO  EmployeesRestAPI:51 -**************** Checking Status Line **************************
2021-01-17 07:04:37 INFO  EmployeesRestAPI:104 -**************** Finished TC001_Get_All_Employees **************************
2021-01-17 07:05:05 INFO  EmployeesRestAPI:16 -****************Started TC001_Get_All Employees ******************
2021-01-17 07:05:09 INFO  EmployeesRestAPI:76 -**************** Checking Content Encoding **************************
2021-01-17 07:05:09 INFO  EmployeesRestAPI:84 -**************** Checking Content Length **************************
2021-01-17 07:05:09 INFO  EmployeesRestAPI:59 -**************** Checking Content Type **************************
2021-01-17 07:05:09 INFO  EmployeesRestAPI:95 -**************** Checking Cookies **************************
2021-01-17 07:05:09 INFO  EmployeesRestAPI:26 -**************** Checking Response Body **************************
2021-01-17 07:05:09 INFO  EmployeesRestAPI:41 -**************** Checking Response Time **************************
2021-01-17 07:05:09 INFO  EmployeesRestAPI:68 -**************** Checking Server Type **************************
2021-01-17 07:05:09 INFO  EmployeesRestAPI:33 -**************** Checking Status Code **************************
2021-01-17 07:05:09 INFO  EmployeesRestAPI:51 -**************** Checking Status Line **************************
2021-01-17 07:05:09 INFO  EmployeesRestAPI:104 -**************** Finished TC001_Get_All_Employees **************************
2021-01-17 07:06:34 INFO  EmployeesRestAPI:16 -****************Started TC001_Get_All Employees ******************
2021-01-17 07:06:38 INFO  EmployeesRestAPI:76 -**************** Checking Content Encoding **************************
2021-01-17 07:06:38 INFO  EmployeesRestAPI:84 -**************** Checking Content Length **************************
2021-01-17 07:06:38 INFO  EmployeesRestAPI:59 -**************** Checking Content Type **************************
2021-01-17 07:06:38 INFO  EmployeesRestAPI:95 -**************** Checking Cookies **************************
2021-01-17 07:06:38 INFO  EmployeesRestAPI:26 -**************** Checking Response Body **************************
2021-01-17 07:06:38 INFO  EmployeesRestAPI:41 -**************** Checking Response Time **************************
2021-01-17 07:06:38 INFO  EmployeesRestAPI:68 -**************** Checking Server Type **************************
2021-01-17 07:06:38 INFO  EmployeesRestAPI:33 -**************** Checking Status Code **************************
2021-01-17 07:06:38 INFO  EmployeesRestAPI:51 -**************** Checking Status Line **************************
2021-01-17 07:06:38 INFO  EmployeesRestAPI:104 -**************** Finished TC001_Get_All_Employees **************************
2021-01-17 07:08:14 INFO  EmployeesRestAPI:16 -****************Started TC001_Get_All Employees ******************
2021-01-17 07:09:24 INFO  EmployeesRestAPI:76 -**************** Checking Content Encoding **************************
2021-01-17 07:09:24 INFO  EmployeesRestAPI:84 -**************** Checking Content Length **************************
2021-01-17 07:09:24 INFO  EmployeesRestAPI:59 -**************** Checking Content Type **************************
2021-01-17 07:09:24 INFO  EmployeesRestAPI:95 -**************** Checking Cookies **************************
2021-01-17 07:09:24 INFO  EmployeesRestAPI:26 -**************** Checking Response Body **************************
2021-01-17 07:09:24 INFO  EmployeesRestAPI:41 -**************** Checking Response Time **************************
2021-01-17 07:09:24 INFO  EmployeesRestAPI:68 -**************** Checking Server Type **************************
2021-01-17 07:09:24 INFO  EmployeesRestAPI:33 -**************** Checking Status Code **************************
2021-01-17 07:09:24 INFO  EmployeesRestAPI:51 -**************** Checking Status Line **************************
2021-01-17 07:09:24 INFO  EmployeesRestAPI:104 -**************** Finished TC001_Get_All_Employees **************************
2021-01-17 07:09:26 INFO  EmployeesRestAPI:16 -****************Started TC001_Get_All Employees ******************
2021-01-17 07:09:30 INFO  EmployeesRestAPI:76 -**************** Checking Content Encoding **************************
2021-01-17 07:09:30 INFO  EmployeesRestAPI:84 -**************** Checking Content Length **************************
2021-01-17 07:09:30 INFO  EmployeesRestAPI:59 -**************** Checking Content Type **************************
2021-01-17 07:09:30 INFO  EmployeesRestAPI:95 -**************** Checking Cookies **************************
2021-01-17 07:09:30 INFO  EmployeesRestAPI:26 -**************** Checking Response Body **************************
2021-01-17 07:09:30 INFO  EmployeesRestAPI:41 -**************** Checking Response Time **************************
2021-01-17 07:09:30 INFO  EmployeesRestAPI:68 -**************** Checking Server Type **************************
2021-01-17 07:09:30 INFO  EmployeesRestAPI:33 -**************** Checking Status Code **************************
2021-01-17 07:09:30 INFO  EmployeesRestAPI:51 -**************** Checking Status Line **************************
2021-01-17 07:09:30 INFO  EmployeesRestAPI:104 -**************** Finished TC001_Get_All_Employees **************************
2021-01-17 07:09:48 INFO  EmployeesRestAPI:16 -****************Started TC001_Get_All Employees ******************
2021-01-17 07:09:52 INFO  EmployeesRestAPI:76 -**************** Checking Content Encoding **************************
2021-01-17 07:09:52 INFO  EmployeesRestAPI:84 -**************** Checking Content Length **************************
2021-01-17 07:09:52 INFO  EmployeesRestAPI:59 -**************** Checking Content Type **************************
2021-01-17 07:09:52 INFO  EmployeesRestAPI:95 -**************** Checking Cookies **************************
2021-01-17 07:09:52 INFO  EmployeesRestAPI:26 -**************** Checking Response Body **************************
2021-01-17 07:09:52 INFO  EmployeesRestAPI:41 -**************** Checking Response Time **************************
2021-01-17 07:09:52 INFO  EmployeesRestAPI:68 -**************** Checking Server Type **************************
2021-01-17 07:09:52 INFO  EmployeesRestAPI:33 -**************** Checking Status Code **************************
2021-01-17 07:09:52 INFO  EmployeesRestAPI:51 -**************** Checking Status Line **************************
2021-01-17 07:09:52 INFO  EmployeesRestAPI:104 -**************** Finished TC001_Get_All_Employees **************************
2021-01-17 07:10:46 INFO  EmployeesRestAPI:16 -****************Started TC001_Get_All Employees ******************
2021-01-17 07:10:50 INFO  EmployeesRestAPI:76 -**************** Checking Content Encoding **************************
2021-01-17 07:10:50 INFO  EmployeesRestAPI:84 -**************** Checking Content Length **************************
2021-01-17 07:10:50 INFO  EmployeesRestAPI:59 -**************** Checking Content Type **************************
2021-01-17 07:10:50 INFO  EmployeesRestAPI:95 -**************** Checking Cookies **************************
2021-01-17 07:10:50 INFO  EmployeesRestAPI:26 -**************** Checking Response Body **************************
2021-01-17 07:10:50 INFO  EmployeesRestAPI:41 -**************** Checking Response Time **************************
2021-01-17 07:10:50 INFO  EmployeesRestAPI:68 -**************** Checking Server Type **************************
2021-01-17 07:10:50 INFO  EmployeesRestAPI:33 -**************** Checking Status Code **************************
2021-01-17 07:10:50 INFO  EmployeesRestAPI:35 -Status code is ==>200
2021-01-17 07:10:50 INFO  EmployeesRestAPI:51 -**************** Checking Status Line **************************
2021-01-17 07:10:50 INFO  EmployeesRestAPI:104 -**************** Finished TC001_Get_All_Employees **************************
2021-01-17 07:11:24 INFO  EmployeesRestAPI:16 -****************Started TC001_Get_All Employees ******************
2021-01-17 07:11:28 INFO  EmployeesRestAPI:76 -**************** Checking Content Encoding **************************
2021-01-17 07:11:28 INFO  EmployeesRestAPI:84 -**************** Checking Content Length **************************
2021-01-17 07:11:28 INFO  EmployeesRestAPI:59 -**************** Checking Content Type **************************
2021-01-17 07:11:28 INFO  EmployeesRestAPI:95 -**************** Checking Cookies **************************
2021-01-17 07:11:28 INFO  EmployeesRestAPI:26 -**************** Checking Response Body **************************
2021-01-17 07:11:28 INFO  EmployeesRestAPI:41 -**************** Checking Response Time **************************
2021-01-17 07:11:28 INFO  EmployeesRestAPI:43 -Response Time is ==>360
2021-01-17 07:11:28 INFO  EmployeesRestAPI:68 -**************** Checking Server Type **************************
2021-01-17 07:11:28 INFO  EmployeesRestAPI:33 -**************** Checking Status Code **************************
2021-01-17 07:11:28 INFO  EmployeesRestAPI:35 -Status code is ==>200
2021-01-17 07:11:28 INFO  EmployeesRestAPI:51 -**************** Checking Status Line **************************
2021-01-17 07:11:28 INFO  EmployeesRestAPI:104 -**************** Finished TC001_Get_All_Employees **************************
2021-01-17 07:13:07 INFO  EmployeesRestAPI:16 -****************Started TC001_Get_All Employees ******************
2021-01-17 07:13:12 INFO  EmployeesRestAPI:76 -**************** Checking Content Encoding **************************
2021-01-17 07:13:12 INFO  EmployeesRestAPI:78 -Content Type is ==>gzip
2021-01-17 07:13:12 INFO  EmployeesRestAPI:84 -**************** Checking Content Length **************************
2021-01-17 07:13:12 INFO  EmployeesRestAPI:87 -Content Length is ==>595
2021-01-17 07:13:12 INFO  EmployeesRestAPI:59 -**************** Checking Content Type **************************
2021-01-17 07:13:12 INFO  EmployeesRestAPI:62 -Content Type is ==>application/json;charset=utf-8
2021-01-17 07:13:12 INFO  EmployeesRestAPI:95 -**************** Checking Cookies **************************
2021-01-17 07:13:12 INFO  EmployeesRestAPI:26 -**************** Checking Response Body **************************
2021-01-17 07:13:12 INFO  EmployeesRestAPI:41 -**************** Checking Response Time **************************
2021-01-17 07:13:12 INFO  EmployeesRestAPI:43 -Response Time is ==>379
2021-01-17 07:13:12 INFO  EmployeesRestAPI:68 -**************** Checking Server Type **************************
2021-01-17 07:13:12 INFO  EmployeesRestAPI:70 -Content Type is ==>nginx/1.16.0
2021-01-17 07:13:12 INFO  EmployeesRestAPI:33 -**************** Checking Status Code **************************
2021-01-17 07:13:12 INFO  EmployeesRestAPI:35 -Status code is ==>200
2021-01-17 07:13:12 INFO  EmployeesRestAPI:51 -**************** Checking Status Line **************************
2021-01-17 07:13:12 INFO  EmployeesRestAPI:53 -Status Line is ==>HTTP/1.1 200 OK
2021-01-17 07:13:12 INFO  EmployeesRestAPI:104 -**************** Finished TC001_Get_All_Employees **************************
2021-01-17 07:14:34 INFO  EmployeesRestAPI:16 -****************Started TC001_Get_All Employees ******************
2021-01-17 07:14:39 INFO  EmployeesRestAPI:76 -**************** Checking Content Encoding **************************
2021-01-17 07:14:39 INFO  EmployeesRestAPI:78 -Content Type is ==>gzip
2021-01-17 07:14:39 INFO  EmployeesRestAPI:84 -**************** Checking Content Length **************************
2021-01-17 07:14:39 INFO  EmployeesRestAPI:87 -Content Length is ==>595
2021-01-17 07:14:39 INFO  EmployeesRestAPI:59 -**************** Checking Content Type **************************
2021-01-17 07:14:39 INFO  EmployeesRestAPI:62 -Content Type is ==>application/json;charset=utf-8
2021-01-17 07:14:39 INFO  EmployeesRestAPI:95 -**************** Checking Cookies **************************
2021-01-17 07:14:39 INFO  EmployeesRestAPI:26 -**************** Checking Response Body **************************
2021-01-17 07:14:39 INFO  EmployeesRestAPI:41 -**************** Checking Response Time **************************
2021-01-17 07:14:39 INFO  EmployeesRestAPI:43 -Response Time is ==>601
2021-01-17 07:14:39 INFO  EmployeesRestAPI:68 -**************** Checking Server Type **************************
2021-01-17 07:14:39 INFO  EmployeesRestAPI:70 -Content Type is ==>nginx/1.16.0
2021-01-17 07:14:39 INFO  EmployeesRestAPI:33 -**************** Checking Status Code **************************
2021-01-17 07:14:39 INFO  EmployeesRestAPI:35 -Status code is ==>200
2021-01-17 07:14:39 INFO  EmployeesRestAPI:51 -**************** Checking Status Line **************************
2021-01-17 07:14:39 INFO  EmployeesRestAPI:53 -Status Line is ==>HTTP/1.1 200 OK
2021-01-17 07:14:39 INFO  EmployeesRestAPI:104 -**************** Finished TC001_Get_All_Employees **************************
2021-01-17 07:14:47 INFO  EmployeesRestAPI:16 -****************Started TC001_Get_All Employees ******************
2021-01-17 07:14:51 INFO  EmployeesRestAPI:76 -**************** Checking Content Encoding **************************
2021-01-17 07:14:51 INFO  EmployeesRestAPI:78 -Content Type is ==>gzip
2021-01-17 07:14:51 INFO  EmployeesRestAPI:84 -**************** Checking Content Length **************************
2021-01-17 07:14:51 INFO  EmployeesRestAPI:87 -Content Length is ==>595
2021-01-17 07:14:51 INFO  EmployeesRestAPI:59 -**************** Checking Content Type **************************
2021-01-17 07:14:51 INFO  EmployeesRestAPI:62 -Content Type is ==>application/json;charset=utf-8
2021-01-17 07:14:51 INFO  EmployeesRestAPI:95 -**************** Checking Cookies **************************
2021-01-17 07:14:51 INFO  EmployeesRestAPI:26 -**************** Checking Response Body **************************
2021-01-17 07:14:52 INFO  EmployeesRestAPI:41 -**************** Checking Response Time **************************
2021-01-17 07:14:52 INFO  EmployeesRestAPI:43 -Response Time is ==>373
2021-01-17 07:14:52 INFO  EmployeesRestAPI:68 -**************** Checking Server Type **************************
2021-01-17 07:14:52 INFO  EmployeesRestAPI:70 -Content Type is ==>nginx/1.16.0
2021-01-17 07:14:52 INFO  EmployeesRestAPI:33 -**************** Checking Status Code **************************
2021-01-17 07:14:52 INFO  EmployeesRestAPI:35 -Status code is ==>200
2021-01-17 07:14:52 INFO  EmployeesRestAPI:51 -**************** Checking Status Line **************************
2021-01-17 07:14:52 INFO  EmployeesRestAPI:53 -Status Line is ==>HTTP/1.1 200 OK
2021-01-17 07:14:52 INFO  EmployeesRestAPI:104 -**************** Finished TC001_Get_All_Employees **************************
2021-01-17 07:15:12 INFO  EmployeesRestAPI:16 -****************Started TC001_Get_All Employees ******************
2021-01-17 07:15:16 INFO  EmployeesRestAPI:76 -**************** Checking Content Encoding **************************
2021-01-17 07:15:16 INFO  EmployeesRestAPI:78 -Content Type is ==>gzip
2021-01-17 07:15:16 INFO  EmployeesRestAPI:84 -**************** Checking Content Length **************************
2021-01-17 07:15:16 INFO  EmployeesRestAPI:87 -Content Length is ==>595
2021-01-17 07:15:16 INFO  EmployeesRestAPI:59 -**************** Checking Content Type **************************
2021-01-17 07:15:16 INFO  EmployeesRestAPI:62 -Content Type is ==>application/json;charset=utf-8
2021-01-17 07:15:16 INFO  EmployeesRestAPI:95 -**************** Checking Cookies **************************
2021-01-17 07:15:16 INFO  EmployeesRestAPI:26 -**************** Checking Response Body **************************
2021-01-17 07:15:16 INFO  EmployeesRestAPI:41 -**************** Checking Response Time **************************
2021-01-17 07:15:16 INFO  EmployeesRestAPI:43 -Response Time is ==>360
2021-01-17 07:15:16 INFO  EmployeesRestAPI:68 -**************** Checking Server Type **************************
2021-01-17 07:15:16 INFO  EmployeesRestAPI:70 -Content Type is ==>nginx/1.16.0
2021-01-17 07:15:16 INFO  EmployeesRestAPI:33 -**************** Checking Status Code **************************
2021-01-17 07:15:16 INFO  EmployeesRestAPI:35 -Status code is ==>200
2021-01-17 07:15:16 INFO  EmployeesRestAPI:51 -**************** Checking Status Line **************************
2021-01-17 07:15:16 INFO  EmployeesRestAPI:53 -Status Line is ==>HTTP/1.1 200 OK
2021-01-17 07:15:16 INFO  EmployeesRestAPI:104 -**************** Finished TC001_Get_All_Employees **************************
2021-01-17 07:16:02 INFO  EmployeesRestAPI:16 -****************Started TC001_Get_All Employees ******************
2021-01-17 07:16:06 INFO  EmployeesRestAPI:76 -**************** Checking Content Encoding **************************
2021-01-17 07:16:06 INFO  EmployeesRestAPI:78 -Content Type is ==>gzip
2021-01-17 07:16:06 INFO  EmployeesRestAPI:84 -**************** Checking Content Length **************************
2021-01-17 07:16:06 INFO  EmployeesRestAPI:87 -Content Length is ==>595
2021-01-17 07:16:06 INFO  EmployeesRestAPI:59 -**************** Checking Content Type **************************
2021-01-17 07:16:06 INFO  EmployeesRestAPI:62 -Content Type is ==>application/json;charset=utf-8
2021-01-17 07:16:06 INFO  EmployeesRestAPI:95 -**************** Checking Cookies **************************
2021-01-17 07:16:06 INFO  EmployeesRestAPI:26 -**************** Checking Response Body **************************
2021-01-17 07:16:06 INFO  EmployeesRestAPI:41 -**************** Checking Response Time **************************
2021-01-17 07:16:06 INFO  EmployeesRestAPI:43 -Response Time is ==>419
2021-01-17 07:16:06 INFO  EmployeesRestAPI:68 -**************** Checking Server Type **************************
2021-01-17 07:16:06 INFO  EmployeesRestAPI:70 -Content Type is ==>nginx/1.16.0
2021-01-17 07:16:06 INFO  EmployeesRestAPI:33 -**************** Checking Status Code **************************
2021-01-17 07:16:06 INFO  EmployeesRestAPI:35 -Status code is ==>200
2021-01-17 07:16:06 INFO  EmployeesRestAPI:51 -**************** Checking Status Line **************************
2021-01-17 07:16:06 INFO  EmployeesRestAPI:53 -Status Line is ==>HTTP/1.1 200 OK
2021-01-17 07:16:06 INFO  EmployeesRestAPI:104 -**************** Finished TC001_Get_All_Employees **************************
2021-01-17 08:06:07 INFO  EmployeesRestAPI:20 -**********Started TC002_Get_Single_Employee_Record*********
2021-01-17 08:06:12 INFO  EmployeesRestAPI:78 -****** Finished TC002_Get_Sigle_Employee_Record ******
2021-01-17 08:08:03 INFO  EmployeesRestAPI:20 -**********Started TC002_Get_Single_Employee_Record*********
2021-01-17 08:08:08 INFO  EmployeesRestAPI:72 -****** Finished TC002_Get_Sigle_Employee_Record ******
2021-01-17 08:08:33 INFO  EmployeesRestAPI:20 -**********Started TC002_Get_Single_Employee_Record*********
2021-01-17 08:08:38 INFO  EmployeesRestAPI:72 -****** Finished TC002_Get_Sigle_Employee_Record ******
2021-01-17 10:16:45 INFO  EmployeesRestAPI:15 -****************Started TC001_Get_All Employees ******************
2021-01-17 10:16:49 INFO  EmployeesRestAPI:73 -**************** Checking Content Encoding **************************
2021-01-17 10:16:49 INFO  EmployeesRestAPI:75 -Content Type is ==>gzip
2021-01-17 10:16:49 INFO  EmployeesRestAPI:81 -**************** Checking Content Length **************************
2021-01-17 10:16:49 INFO  EmployeesRestAPI:84 -Content Length is ==>595
2021-01-17 10:16:49 INFO  EmployeesRestAPI:56 -**************** Checking Content Type **************************
2021-01-17 10:16:49 INFO  EmployeesRestAPI:59 -Content Type is ==>application/json;charset=utf-8
2021-01-17 10:16:49 INFO  EmployeesRestAPI:92 -**************** Checking Cookies **************************
2021-01-17 10:16:49 INFO  EmployeesRestAPI:23 -**************** Checking Response Body **************************
2021-01-17 10:16:49 INFO  EmployeesRestAPI:38 -**************** Checking Response Time **************************
2021-01-17 10:16:49 INFO  EmployeesRestAPI:40 -Response Time is ==>621
2021-01-17 10:16:49 INFO  EmployeesRestAPI:65 -**************** Checking Server Type **************************
2021-01-17 10:16:49 INFO  EmployeesRestAPI:67 -Content Type is ==>nginx/1.16.0
2021-01-17 10:16:49 INFO  EmployeesRestAPI:30 -**************** Checking Status Code **************************
2021-01-17 10:16:49 INFO  EmployeesRestAPI:32 -Status code is ==>200
2021-01-17 10:16:49 INFO  EmployeesRestAPI:48 -**************** Checking Status Line **************************
2021-01-17 10:16:49 INFO  EmployeesRestAPI:50 -Status Line is ==>HTTP/1.1 200 OK
2021-01-17 10:16:49 INFO  EmployeesRestAPI:101 -**************** Finished TC001_Get_All_Employees **************************
2021-01-17 11:06:01 INFO  EmployeesRestAPI:19 -*******Started TC003_Post_Employee_Record*******
2021-01-17 11:07:16 INFO  EmployeesRestAPI:19 -*******Started TC003_Post_Employee_Record*******
2021-01-17 11:08:56 INFO  EmployeesRestAPI:20 -*******Started TC003_Post_Employee_Record*******
2021-01-17 11:09:03 INFO  EmployeesRestAPI:87 -****Finished TC003_Post_Employee_Record *****
2021-01-17 11:47:25 INFO  EmployeesRestAPI:19 -*******Started TC004_Put_Employee_Record*******
2021-01-17 11:47:32 INFO  EmployeesRestAPI:80 -****Finished TC003_Post_Employee_Record *****
2021-01-17 11:48:08 INFO  EmployeesRestAPI:19 -*******Started TC004_Put_Employee_Record*******
2021-01-17 11:48:14 INFO  EmployeesRestAPI:80 -****Finished TC003_Post_Employee_Record *****
2021-01-17 11:49:27 INFO  EmployeesRestAPI:19 -*******Started TC004_Put_Employee_Record*******
2021-01-17 11:49:33 INFO  EmployeesRestAPI:80 -****Finished TC003_Post_Employee_Record *****
2021-01-17 11:50:56 INFO  EmployeesRestAPI:19 -*******Started TC004_Put_Employee_Record*******
2021-01-17 11:51:02 INFO  EmployeesRestAPI:80 -****Finished TC003_Post_Employee_Record *****
2021-01-17 14:51:25 INFO  EmployeesRestAPI:14 -*******Started TC005_Delte_Employee_Record*******
2021-01-17 14:51:33 INFO  EmployeesRestAPI:60 -****Finished TC005_Delete_Employee_Record *****
2021-01-17 15:50:45 INFO  EmployeesRestAPI:15 -****************Started TC001_Get_All Employees ******************
2021-01-17 15:50:49 INFO  EmployeesRestAPI:73 -**************** Checking Content Encoding **************************
2021-01-17 15:50:49 INFO  EmployeesRestAPI:75 -Content Type is ==>gzip
2021-01-17 15:50:49 INFO  EmployeesRestAPI:81 -**************** Checking Content Length **************************
2021-01-17 15:50:49 INFO  EmployeesRestAPI:84 -Content Length is ==>595
2021-01-17 15:50:49 INFO  EmployeesRestAPI:56 -**************** Checking Content Type **************************
2021-01-17 15:50:49 INFO  EmployeesRestAPI:59 -Content Type is ==>application/json;charset=utf-8
2021-01-17 15:50:49 INFO  EmployeesRestAPI:92 -**************** Checking Cookies **************************
2021-01-17 15:50:49 INFO  EmployeesRestAPI:23 -**************** Checking Response Body **************************
2021-01-17 15:50:49 INFO  EmployeesRestAPI:38 -**************** Checking Response Time **************************
2021-01-17 15:50:49 INFO  EmployeesRestAPI:40 -Response Time is ==>573
2021-01-17 15:50:49 INFO  EmployeesRestAPI:65 -**************** Checking Server Type **************************
2021-01-17 15:50:49 INFO  EmployeesRestAPI:67 -Content Type is ==>nginx/1.16.0
2021-01-17 15:50:49 INFO  EmployeesRestAPI:30 -**************** Checking Status Code **************************
2021-01-17 15:50:49 INFO  EmployeesRestAPI:32 -Status code is ==>200
2021-01-17 15:50:49 INFO  EmployeesRestAPI:48 -**************** Checking Status Line **************************
2021-01-17 15:50:49 INFO  EmployeesRestAPI:50 -Status Line is ==>HTTP/1.1 200 OK
2021-01-17 15:50:49 INFO  EmployeesRestAPI:101 -**************** Finished TC001_Get_All_Employees **************************
2021-01-17 15:50:49 INFO  EmployeesRestAPI:15 -**********Started TC002_Get_Single_Employee_Record*********
2021-01-17 15:50:53 INFO  EmployeesRestAPI:65 -****** Finished TC002_Get_Sigle_Employee_Record ******
2021-01-17 15:50:53 INFO  EmployeesRestAPI:20 -*******Started TC003_Post_Employee_Record*******
2021-01-17 15:50:59 INFO  EmployeesRestAPI:81 -****Finished TC003_Post_Employee_Record *****
2021-01-17 15:50:59 INFO  EmployeesRestAPI:19 -*******Started TC004_Put_Employee_Record*******
2021-01-17 15:51:05 INFO  EmployeesRestAPI:80 -****Finished TC004_Put_Employee_Record *****
2021-01-17 15:51:05 INFO  EmployeesRestAPI:14 -*******Started TC005_Delte_Employee_Record*******
2021-01-17 15:51:11 INFO  EmployeesRestAPI:60 -****Finished TC005_Delete_Employee_Record *****
2021-01-17 16:26:36 INFO  EmployeesRestAPI:15 -****************Started TC001_Get_All Employees ******************
2021-01-17 16:26:40 INFO  EmployeesRestAPI:73 -**************** Checking Content Encoding **************************
2021-01-17 16:26:40 INFO  EmployeesRestAPI:75 -Content Type is ==>gzip
2021-01-17 16:26:40 INFO  EmployeesRestAPI:81 -**************** Checking Content Length **************************
2021-01-17 16:26:40 INFO  EmployeesRestAPI:84 -Content Length is ==>595
2021-01-17 16:26:40 INFO  EmployeesRestAPI:56 -**************** Checking Content Type **************************
2021-01-17 16:26:40 INFO  EmployeesRestAPI:59 -Content Type is ==>application/json;charset=utf-8
2021-01-17 16:26:40 INFO  EmployeesRestAPI:92 -**************** Checking Cookies **************************
2021-01-17 16:26:40 INFO  EmployeesRestAPI:23 -**************** Checking Response Body **************************
2021-01-17 16:26:40 INFO  EmployeesRestAPI:38 -**************** Checking Response Time **************************
2021-01-17 16:26:40 INFO  EmployeesRestAPI:40 -Response Time is ==>584
2021-01-17 16:26:40 INFO  EmployeesRestAPI:65 -**************** Checking Server Type **************************
2021-01-17 16:26:40 INFO  EmployeesRestAPI:67 -Content Type is ==>nginx/1.16.0
2021-01-17 16:26:40 INFO  EmployeesRestAPI:30 -**************** Checking Status Code **************************
2021-01-17 16:26:40 INFO  EmployeesRestAPI:32 -Status code is ==>200
2021-01-17 16:26:40 INFO  EmployeesRestAPI:48 -**************** Checking Status Line **************************
2021-01-17 16:26:40 INFO  EmployeesRestAPI:50 -Status Line is ==>HTTP/1.1 200 OK
2021-01-17 16:26:40 INFO  EmployeesRestAPI:101 -**************** Finished TC001_Get_All_Employees **************************
2021-01-17 16:26:40 INFO  EmployeesRestAPI:15 -**********Started TC002_Get_Single_Employee_Record*********
2021-01-17 16:26:44 INFO  EmployeesRestAPI:65 -****** Finished TC002_Get_Sigle_Employee_Record ******
2021-01-17 16:26:44 INFO  EmployeesRestAPI:20 -*******Started TC003_Post_Employee_Record*******
2021-01-17 16:26:50 INFO  EmployeesRestAPI:81 -****Finished TC003_Post_Employee_Record *****
2021-01-17 16:26:50 INFO  EmployeesRestAPI:19 -*******Started TC004_Put_Employee_Record*******
2021-01-17 16:26:55 INFO  EmployeesRestAPI:80 -****Finished TC004_Put_Employee_Record *****
2021-01-17 16:26:55 INFO  EmployeesRestAPI:14 -*******Started TC005_Delte_Employee_Record*******
2021-01-17 16:27:02 INFO  EmployeesRestAPI:60 -****Finished TC005_Delete_Employee_Record *****
2021-01-17 16:29:02 INFO  EmployeesRestAPI:15 -****************Started TC001_Get_All Employees ******************
2021-01-17 16:29:06 INFO  EmployeesRestAPI:73 -**************** Checking Content Encoding **************************
2021-01-17 16:29:06 INFO  EmployeesRestAPI:75 -Content Type is ==>gzip
2021-01-17 16:29:06 INFO  EmployeesRestAPI:81 -**************** Checking Content Length **************************
2021-01-17 16:29:06 INFO  EmployeesRestAPI:84 -Content Length is ==>595
2021-01-17 16:29:06 INFO  EmployeesRestAPI:56 -**************** Checking Content Type **************************
2021-01-17 16:29:06 INFO  EmployeesRestAPI:59 -Content Type is ==>application/json;charset=utf-8
2021-01-17 16:29:06 INFO  EmployeesRestAPI:92 -**************** Checking Cookies **************************
2021-01-17 16:29:06 INFO  EmployeesRestAPI:23 -**************** Checking Response Body **************************
2021-01-17 16:29:06 INFO  EmployeesRestAPI:38 -**************** Checking Response Time **************************
2021-01-17 16:29:06 INFO  EmployeesRestAPI:40 -Response Time is ==>551
2021-01-17 16:29:06 INFO  EmployeesRestAPI:65 -**************** Checking Server Type **************************
2021-01-17 16:29:06 INFO  EmployeesRestAPI:67 -Content Type is ==>nginx/1.16.0
2021-01-17 16:29:06 INFO  EmployeesRestAPI:30 -**************** Checking Status Code **************************
2021-01-17 16:29:06 INFO  EmployeesRestAPI:32 -Status code is ==>200
2021-01-17 16:29:06 INFO  EmployeesRestAPI:48 -**************** Checking Status Line **************************
2021-01-17 16:29:06 INFO  EmployeesRestAPI:50 -Status Line is ==>HTTP/1.1 200 OK
2021-01-17 16:29:06 INFO  EmployeesRestAPI:101 -**************** Finished TC001_Get_All_Employees **************************
2021-01-17 16:29:06 INFO  EmployeesRestAPI:15 -**********Started TC002_Get_Single_Employee_Record*********
2021-01-17 16:29:10 INFO  EmployeesRestAPI:65 -****** Finished TC002_Get_Sigle_Employee_Record ******
2021-01-17 16:29:10 INFO  EmployeesRestAPI:20 -*******Started TC003_Post_Employee_Record*******
2021-01-17 16:29:16 INFO  EmployeesRestAPI:81 -****Finished TC003_Post_Employee_Record *****
2021-01-17 16:29:16 INFO  EmployeesRestAPI:19 -*******Started TC004_Put_Employee_Record*******
2021-01-17 16:29:22 INFO  EmployeesRestAPI:80 -****Finished TC004_Put_Employee_Record *****
2021-01-17 16:29:22 INFO  EmployeesRestAPI:14 -*******Started TC005_Delte_Employee_Record*******
2021-01-17 16:29:29 INFO  EmployeesRestAPI:60 -****Finished TC005_Delete_Employee_Record *****
2021-01-17 16:31:34 INFO  EmployeesRestAPI:15 -****************Started TC001_Get_All Employees ******************
2021-01-17 16:31:38 INFO  EmployeesRestAPI:73 -**************** Checking Content Encoding **************************
2021-01-17 16:31:38 INFO  EmployeesRestAPI:75 -Content Type is ==>gzip
2021-01-17 16:31:38 INFO  EmployeesRestAPI:81 -**************** Checking Content Length **************************
2021-01-17 16:31:38 INFO  EmployeesRestAPI:84 -Content Length is ==>595
2021-01-17 16:31:38 INFO  EmployeesRestAPI:56 -**************** Checking Content Type **************************
2021-01-17 16:31:38 INFO  EmployeesRestAPI:59 -Content Type is ==>application/json;charset=utf-8
2021-01-17 16:31:38 INFO  EmployeesRestAPI:92 -**************** Checking Cookies **************************
2021-01-17 16:31:38 INFO  EmployeesRestAPI:23 -**************** Checking Response Body **************************
2021-01-17 16:31:38 INFO  EmployeesRestAPI:38 -**************** Checking Response Time **************************
2021-01-17 16:31:38 INFO  EmployeesRestAPI:40 -Response Time is ==>426
2021-01-17 16:31:38 INFO  EmployeesRestAPI:65 -**************** Checking Server Type **************************
2021-01-17 16:31:38 INFO  EmployeesRestAPI:67 -Content Type is ==>nginx/1.16.0
2021-01-17 16:31:38 INFO  EmployeesRestAPI:30 -**************** Checking Status Code **************************
2021-01-17 16:31:38 INFO  EmployeesRestAPI:32 -Status code is ==>200
2021-01-17 16:31:38 INFO  EmployeesRestAPI:48 -**************** Checking Status Line **************************
2021-01-17 16:31:38 INFO  EmployeesRestAPI:50 -Status Line is ==>HTTP/1.1 200 OK
2021-01-17 16:31:38 INFO  EmployeesRestAPI:101 -**************** Finished TC001_Get_All_Employees **************************
2021-01-17 16:31:38 INFO  EmployeesRestAPI:15 -**********Started TC002_Get_Single_Employee_Record*********
2021-01-17 16:31:42 INFO  EmployeesRestAPI:65 -****** Finished TC002_Get_Sigle_Employee_Record ******
2021-01-17 16:31:42 INFO  EmployeesRestAPI:20 -*******Started TC003_Post_Employee_Record*******
2021-01-17 16:31:48 INFO  EmployeesRestAPI:81 -****Finished TC003_Post_Employee_Record *****
2021-01-17 16:31:48 INFO  EmployeesRestAPI:19 -*******Started TC004_Put_Employee_Record*******
2021-01-17 16:31:53 INFO  EmployeesRestAPI:80 -****Finished TC004_Put_Employee_Record *****
2021-01-17 16:31:53 INFO  EmployeesRestAPI:14 -*******Started TC005_Delte_Employee_Record*******
2021-01-17 16:32:00 INFO  EmployeesRestAPI:60 -****Finished TC005_Delete_Employee_Record *****
2021-01-17 17:02:04 INFO  EmployeesRestAPI:15 -****************Started TC001_Get_All Employees ******************
2021-01-17 17:02:08 INFO  EmployeesRestAPI:73 -**************** Checking Content Encoding **************************
2021-01-17 17:02:08 INFO  EmployeesRestAPI:75 -Content Type is ==>gzip
2021-01-17 17:02:08 INFO  EmployeesRestAPI:81 -**************** Checking Content Length **************************
2021-01-17 17:02:08 INFO  EmployeesRestAPI:84 -Content Length is ==>595
2021-01-17 17:02:08 INFO  EmployeesRestAPI:56 -**************** Checking Content Type **************************
2021-01-17 17:02:08 INFO  EmployeesRestAPI:59 -Content Type is ==>application/json;charset=utf-8
2021-01-17 17:02:08 INFO  EmployeesRestAPI:92 -**************** Checking Cookies **************************
2021-01-17 17:02:08 INFO  EmployeesRestAPI:23 -**************** Checking Response Body **************************
2021-01-17 17:02:08 INFO  EmployeesRestAPI:38 -**************** Checking Response Time **************************
2021-01-17 17:02:08 INFO  EmployeesRestAPI:40 -Response Time is ==>731
2021-01-17 17:02:08 INFO  EmployeesRestAPI:65 -**************** Checking Server Type **************************
2021-01-17 17:02:08 INFO  EmployeesRestAPI:67 -Content Type is ==>nginx/1.16.0
2021-01-17 17:02:08 INFO  EmployeesRestAPI:30 -**************** Checking Status Code **************************
2021-01-17 17:02:08 INFO  EmployeesRestAPI:32 -Status code is ==>200
2021-01-17 17:02:08 INFO  EmployeesRestAPI:48 -**************** Checking Status Line **************************
2021-01-17 17:02:08 INFO  EmployeesRestAPI:50 -Status Line is ==>HTTP/1.1 200 OK
2021-01-17 17:02:08 INFO  EmployeesRestAPI:101 -**************** Finished TC001_Get_All_Employees **************************
2021-01-17 17:02:08 INFO  EmployeesRestAPI:15 -**********Started TC002_Get_Single_Employee_Record*********
2021-01-17 17:02:12 INFO  EmployeesRestAPI:65 -****** Finished TC002_Get_Sigle_Employee_Record ******
2021-01-17 17:02:12 INFO  EmployeesRestAPI:20 -*******Started TC003_Post_Employee_Record*******
2021-01-17 17:02:18 INFO  EmployeesRestAPI:81 -****Finished TC003_Post_Employee_Record *****
2021-01-17 17:02:18 INFO  EmployeesRestAPI:19 -*******Started TC004_Put_Employee_Record*******
2021-01-17 17:02:24 INFO  EmployeesRestAPI:80 -****Finished TC004_Put_Employee_Record *****
2021-01-17 17:02:24 INFO  EmployeesRestAPI:14 -*******Started TC005_Delte_Employee_Record*******
2021-01-17 17:02:30 INFO  EmployeesRestAPI:60 -****Finished TC005_Delete_Employee_Record *****
2021-01-17 17:13:55 INFO  EmployeesRestAPI:15 -****************Started TC001_Get_All Employees ******************
2021-01-17 17:13:58 INFO  EmployeesRestAPI:73 -**************** Checking Content Encoding **************************
2021-01-17 17:13:58 INFO  EmployeesRestAPI:75 -Content Type is ==>gzip
2021-01-17 17:13:58 INFO  EmployeesRestAPI:81 -**************** Checking Content Length **************************
2021-01-17 17:13:58 INFO  EmployeesRestAPI:84 -Content Length is ==>595
2021-01-17 17:13:58 INFO  EmployeesRestAPI:56 -**************** Checking Content Type **************************
2021-01-17 17:13:58 INFO  EmployeesRestAPI:59 -Content Type is ==>application/json;charset=utf-8
2021-01-17 17:13:58 INFO  EmployeesRestAPI:92 -**************** Checking Cookies **************************
2021-01-17 17:13:58 INFO  EmployeesRestAPI:23 -**************** Checking Response Body **************************
2021-01-17 17:13:58 INFO  EmployeesRestAPI:38 -**************** Checking Response Time **************************
2021-01-17 17:13:58 INFO  EmployeesRestAPI:40 -Response Time is ==>592
2021-01-17 17:13:58 INFO  EmployeesRestAPI:65 -**************** Checking Server Type **************************
2021-01-17 17:13:58 INFO  EmployeesRestAPI:67 -Content Type is ==>nginx/1.16.0
2021-01-17 17:13:58 INFO  EmployeesRestAPI:30 -**************** Checking Status Code **************************
2021-01-17 17:13:58 INFO  EmployeesRestAPI:32 -Status code is ==>200
2021-01-17 17:13:58 INFO  EmployeesRestAPI:48 -**************** Checking Status Line **************************
2021-01-17 17:13:58 INFO  EmployeesRestAPI:50 -Status Line is ==>HTTP/1.1 200 OK
2021-01-17 17:13:58 INFO  EmployeesRestAPI:101 -**************** Finished TC001_Get_All_Employees **************************
2021-01-17 17:13:58 INFO  EmployeesRestAPI:15 -**********Started TC002_Get_Single_Employee_Record*********
2021-01-17 17:14:02 INFO  EmployeesRestAPI:65 -****** Finished TC002_Get_Sigle_Employee_Record ******
2021-01-17 17:14:02 INFO  EmployeesRestAPI:20 -*******Started TC003_Post_Employee_Record*******
2021-01-17 17:14:08 INFO  EmployeesRestAPI:81 -****Finished TC003_Post_Employee_Record *****
2021-01-17 17:14:08 INFO  EmployeesRestAPI:19 -*******Started TC004_Put_Employee_Record*******
2021-01-17 17:14:14 INFO  EmployeesRestAPI:80 -****Finished TC004_Put_Employee_Record *****
2021-01-17 17:14:14 INFO  EmployeesRestAPI:14 -*******Started TC005_Delte_Employee_Record*******
2021-01-17 17:14:21 INFO  EmployeesRestAPI:60 -****Finished TC005_Delete_Employee_Record *****
2021-01-17 17:22:06 INFO  EmployeesRestAPI:15 - ****************Started TC001_Get_All Employees ******************
2021-01-17 17:22:10 INFO  EmployeesRestAPI:73 - **************** Checking Content Encoding **************************
2021-01-17 17:22:10 INFO  EmployeesRestAPI:75 - Content Type is ==>gzip
2021-01-17 17:22:10 INFO  EmployeesRestAPI:81 - **************** Checking Content Length **************************
2021-01-17 17:22:10 INFO  EmployeesRestAPI:84 - Content Length is ==>595
2021-01-17 17:22:10 INFO  EmployeesRestAPI:56 - **************** Checking Content Type **************************
2021-01-17 17:22:10 INFO  EmployeesRestAPI:59 - Content Type is ==>application/json;charset=utf-8
2021-01-17 17:22:10 INFO  EmployeesRestAPI:92 - **************** Checking Cookies **************************
2021-01-17 17:22:10 INFO  EmployeesRestAPI:23 - **************** Checking Response Body **************************
2021-01-17 17:22:10 INFO  EmployeesRestAPI:38 - **************** Checking Response Time **************************
2021-01-17 17:22:10 INFO  EmployeesRestAPI:40 - Response Time is ==>569
2021-01-17 17:22:10 INFO  EmployeesRestAPI:65 - **************** Checking Server Type **************************
2021-01-17 17:22:10 INFO  EmployeesRestAPI:67 - Content Type is ==>nginx/1.16.0
2021-01-17 17:22:10 INFO  EmployeesRestAPI:30 - **************** Checking Status Code **************************
2021-01-17 17:22:10 INFO  EmployeesRestAPI:32 - Status code is ==>200
2021-01-17 17:22:10 INFO  EmployeesRestAPI:48 - **************** Checking Status Line **************************
2021-01-17 17:22:10 INFO  EmployeesRestAPI:50 - Status Line is ==>HTTP/1.1 200 OK
2021-01-17 17:22:10 INFO  EmployeesRestAPI:101 - **************** Finished TC001_Get_All_Employees **************************
2021-01-17 17:22:10 INFO  EmployeesRestAPI:15 - **********Started TC002_Get_Single_Employee_Record*********
2021-01-17 17:22:13 INFO  EmployeesRestAPI:65 - ****** Finished TC002_Get_Sigle_Employee_Record ******
2021-01-17 17:22:13 INFO  EmployeesRestAPI:20 - *******Started TC003_Post_Employee_Record*******
2021-01-17 17:22:19 INFO  EmployeesRestAPI:81 - ****Finished TC003_Post_Employee_Record *****
2021-01-17 17:22:19 INFO  EmployeesRestAPI:19 - *******Started TC004_Put_Employee_Record*******
2021-01-17 17:22:25 INFO  EmployeesRestAPI:80 - ****Finished TC004_Put_Employee_Record *****
2021-01-17 17:22:25 INFO  EmployeesRestAPI:14 - *******Started TC005_Delte_Employee_Record*******
2021-01-17 17:22:32 INFO  EmployeesRestAPI:60 - ****Finished TC005_Delete_Employee_Record *****
2021-01-17 17:44:26 INFO  EmployeesRestAPI:15 - ****************Started TC001_Get_All Employees ******************
2021-01-17 17:44:30 INFO  EmployeesRestAPI:73 - **************** Checking Content Encoding **************************
2021-01-17 17:44:30 INFO  EmployeesRestAPI:75 - Content Type is ==>gzip
2021-01-17 17:44:30 INFO  EmployeesRestAPI:81 - **************** Checking Content Length **************************
2021-01-17 17:44:30 INFO  EmployeesRestAPI:84 - Content Length is ==>595
2021-01-17 17:44:30 INFO  EmployeesRestAPI:56 - **************** Checking Content Type **************************
2021-01-17 17:44:30 INFO  EmployeesRestAPI:59 - Content Type is ==>application/json;charset=utf-8
2021-01-17 17:44:30 INFO  EmployeesRestAPI:92 - **************** Checking Cookies **************************
2021-01-17 17:44:30 INFO  EmployeesRestAPI:23 - **************** Checking Response Body **************************
2021-01-17 17:44:30 INFO  EmployeesRestAPI:38 - **************** Checking Response Time **************************
2021-01-17 17:44:30 INFO  EmployeesRestAPI:40 - Response Time is ==>738
2021-01-17 17:44:30 INFO  EmployeesRestAPI:65 - **************** Checking Server Type **************************
2021-01-17 17:44:30 INFO  EmployeesRestAPI:67 - Content Type is ==>nginx/1.16.0
2021-01-17 17:44:30 INFO  EmployeesRestAPI:30 - **************** Checking Status Code **************************
2021-01-17 17:44:30 INFO  EmployeesRestAPI:32 - Status code is ==>200
2021-01-17 17:44:30 INFO  EmployeesRestAPI:48 - **************** Checking Status Line **************************
2021-01-17 17:44:30 INFO  EmployeesRestAPI:50 - Status Line is ==>HTTP/1.1 200 OK
2021-01-17 17:44:30 INFO  EmployeesRestAPI:101 - **************** Finished TC001_Get_All_Employees **************************
2021-01-17 17:44:30 INFO  EmployeesRestAPI:15 - **********Started TC002_Get_Single_Employee_Record*********
2021-01-17 17:44:34 INFO  EmployeesRestAPI:65 - ****** Finished TC002_Get_Sigle_Employee_Record ******
2021-01-17 17:44:34 INFO  EmployeesRestAPI:20 - *******Started TC003_Post_Employee_Record*******
2021-01-17 17:44:40 INFO  EmployeesRestAPI:81 - ****Finished TC003_Post_Employee_Record *****
2021-01-17 17:44:40 INFO  EmployeesRestAPI:19 - *******Started TC004_Put_Employee_Record*******
2021-01-17 17:44:46 INFO  EmployeesRestAPI:80 - ****Finished TC004_Put_Employee_Record *****
2021-01-17 17:44:46 INFO  EmployeesRestAPI:14 - *******Started TC005_Delte_Employee_Record*******
2021-01-17 17:44:52 INFO  EmployeesRestAPI:60 - ****Finished TC005_Delete_Employee_Record *****
2021-01-17 17:53:58 INFO  EmployeesRestAPI:15 - ****************Started TC001_Get_All Employees ******************
2021-01-17 17:54:02 INFO  EmployeesRestAPI:73 - **************** Checking Content Encoding **************************
2021-01-17 17:54:02 INFO  EmployeesRestAPI:75 - Content Type is ==>gzip
2021-01-17 17:54:02 INFO  EmployeesRestAPI:81 - **************** Checking Content Length **************************
2021-01-17 17:54:02 INFO  EmployeesRestAPI:84 - Content Length is ==>595
2021-01-17 17:54:02 INFO  EmployeesRestAPI:56 - **************** Checking Content Type **************************
2021-01-17 17:54:02 INFO  EmployeesRestAPI:59 - Content Type is ==>application/json;charset=utf-8
2021-01-17 17:54:02 INFO  EmployeesRestAPI:92 - **************** Checking Cookies **************************
2021-01-17 17:54:02 INFO  EmployeesRestAPI:23 - **************** Checking Response Body **************************
2021-01-17 17:54:02 INFO  EmployeesRestAPI:38 - **************** Checking Response Time **************************
2021-01-17 17:54:02 INFO  EmployeesRestAPI:40 - Response Time is ==>771
2021-01-17 17:54:02 INFO  EmployeesRestAPI:65 - **************** Checking Server Type **************************
2021-01-17 17:54:02 INFO  EmployeesRestAPI:67 - Content Type is ==>nginx/1.16.0
2021-01-17 17:54:02 INFO  EmployeesRestAPI:30 - **************** Checking Status Code **************************
2021-01-17 17:54:02 INFO  EmployeesRestAPI:32 - Status code is ==>200
2021-01-17 17:54:02 INFO  EmployeesRestAPI:48 - **************** Checking Status Line **************************
2021-01-17 17:54:02 INFO  EmployeesRestAPI:50 - Status Line is ==>HTTP/1.1 200 OK
2021-01-17 17:54:02 INFO  EmployeesRestAPI:101 - **************** Finished TC001_Get_All_Employees **************************
2021-01-17 17:54:02 INFO  EmployeesRestAPI:15 - **********Started TC002_Get_Single_Employee_Record*********
2021-01-17 17:54:06 INFO  EmployeesRestAPI:65 - ****** Finished TC002_Get_Sigle_Employee_Record ******
2021-01-17 17:54:06 INFO  EmployeesRestAPI:20 - *******Started TC003_Post_Employee_Record*******
2021-01-17 17:54:12 INFO  EmployeesRestAPI:81 - ****Finished TC003_Post_Employee_Record *****
2021-01-17 17:54:12 INFO  EmployeesRestAPI:19 - *******Started TC004_Put_Employee_Record*******
2021-01-17 17:54:18 INFO  EmployeesRestAPI:80 - ****Finished TC004_Put_Employee_Record *****
2021-01-17 17:54:18 INFO  EmployeesRestAPI:14 - *******Started TC005_Delte_Employee_Record*******
2021-01-17 17:54:25 INFO  EmployeesRestAPI:60 - ****Finished TC005_Delete_Employee_Record *****
2021-01-17 18:33:07 INFO  EmployeesRestAPI:15 - ****************Started TC001_Get_All Employees ******************
2021-01-17 18:33:11 INFO  EmployeesRestAPI:73 - **************** Checking Content Encoding **************************
2021-01-17 18:33:11 INFO  EmployeesRestAPI:75 - Content Type is ==>gzip
2021-01-17 18:33:11 INFO  EmployeesRestAPI:81 - **************** Checking Content Length **************************
2021-01-17 18:33:11 INFO  EmployeesRestAPI:84 - Content Length is ==>595
2021-01-17 18:33:11 INFO  EmployeesRestAPI:56 - **************** Checking Content Type **************************
2021-01-17 18:33:11 INFO  EmployeesRestAPI:59 - Content Type is ==>application/json;charset=utf-8
2021-01-17 18:33:11 INFO  EmployeesRestAPI:92 - **************** Checking Cookies **************************
2021-01-17 18:33:11 INFO  EmployeesRestAPI:23 - **************** Checking Response Body **************************
2021-01-17 18:33:11 INFO  EmployeesRestAPI:38 - **************** Checking Response Time **************************
2021-01-17 18:33:11 INFO  EmployeesRestAPI:40 - Response Time is ==>632
2021-01-17 18:33:11 INFO  EmployeesRestAPI:65 - **************** Checking Server Type **************************
2021-01-17 18:33:11 INFO  EmployeesRestAPI:67 - Content Type is ==>nginx/1.16.0
2021-01-17 18:33:11 INFO  EmployeesRestAPI:30 - **************** Checking Status Code **************************
2021-01-17 18:33:11 INFO  EmployeesRestAPI:32 - Status code is ==>200
2021-01-17 18:33:11 INFO  EmployeesRestAPI:48 - **************** Checking Status Line **************************
2021-01-17 18:33:11 INFO  EmployeesRestAPI:50 - Status Line is ==>HTTP/1.1 200 OK
2021-01-17 18:33:11 INFO  EmployeesRestAPI:101 - **************** Finished TC001_Get_All_Employees **************************
2021-01-17 18:33:11 INFO  EmployeesRestAPI:15 - **********Started TC002_Get_Single_Employee_Record*********
2021-01-17 18:33:15 INFO  EmployeesRestAPI:65 - ****** Finished TC002_Get_Sigle_Employee_Record ******
2021-01-17 18:33:15 INFO  EmployeesRestAPI:20 - *******Started TC003_Post_Employee_Record*******
2021-01-17 18:33:21 INFO  EmployeesRestAPI:81 - ****Finished TC003_Post_Employee_Record *****
2021-01-17 18:33:21 INFO  EmployeesRestAPI:19 - *******Started TC004_Put_Employee_Record*******
2021-01-17 18:33:26 INFO  EmployeesRestAPI:80 - ****Finished TC004_Put_Employee_Record *****
2021-01-17 18:33:26 INFO  EmployeesRestAPI:14 - *******Started TC005_Delte_Employee_Record*******
2021-01-17 18:33:33 INFO  EmployeesRestAPI:60 - ****Finished TC005_Delete_Employee_Record *****
2021-01-17 18:34:17 INFO  EmployeesRestAPI:15 - ****************Started TC001_Get_All Employees ******************
2021-01-17 18:34:21 INFO  EmployeesRestAPI:73 - **************** Checking Content Encoding **************************
2021-01-17 18:34:21 INFO  EmployeesRestAPI:75 - Content Type is ==>gzip
2021-01-17 18:34:21 INFO  EmployeesRestAPI:81 - **************** Checking Content Length **************************
2021-01-17 18:34:21 INFO  EmployeesRestAPI:84 - Content Length is ==>595
2021-01-17 18:34:21 INFO  EmployeesRestAPI:56 - **************** Checking Content Type **************************
2021-01-17 18:34:21 INFO  EmployeesRestAPI:59 - Content Type is ==>application/json;charset=utf-8
2021-01-17 18:34:21 INFO  EmployeesRestAPI:92 - **************** Checking Cookies **************************
2021-01-17 18:34:21 INFO  EmployeesRestAPI:23 - **************** Checking Response Body **************************
2021-01-17 18:34:21 INFO  EmployeesRestAPI:38 - **************** Checking Response Time **************************
2021-01-17 18:34:21 INFO  EmployeesRestAPI:40 - Response Time is ==>506
2021-01-17 18:34:21 INFO  EmployeesRestAPI:65 - **************** Checking Server Type **************************
2021-01-17 18:34:21 INFO  EmployeesRestAPI:67 - Content Type is ==>nginx/1.16.0
2021-01-17 18:34:21 INFO  EmployeesRestAPI:30 - **************** Checking Status Code **************************
2021-01-17 18:34:21 INFO  EmployeesRestAPI:32 - Status code is ==>200
2021-01-17 18:34:21 INFO  EmployeesRestAPI:48 - **************** Checking Status Line **************************
2021-01-17 18:34:21 INFO  EmployeesRestAPI:50 - Status Line is ==>HTTP/1.1 200 OK
2021-01-17 18:34:21 INFO  EmployeesRestAPI:101 - **************** Finished TC001_Get_All_Employees **************************
2021-01-17 18:34:21 INFO  EmployeesRestAPI:15 - **********Started TC002_Get_Single_Employee_Record*********
2021-01-17 18:34:25 INFO  EmployeesRestAPI:65 - ****** Finished TC002_Get_Single_Employee_Record ******
2021-01-17 18:34:25 INFO  EmployeesRestAPI:20 - *******Started TC003_Post_Employee_Record*******
2021-01-17 18:34:30 INFO  EmployeesRestAPI:81 - ****Finished TC003_Post_Employee_Record *****
2021-01-17 18:34:30 INFO  EmployeesRestAPI:19 - *******Started TC004_Put_Employee_Record*******
2021-01-17 18:34:36 INFO  EmployeesRestAPI:80 - ****Finished TC004_Put_Employee_Record *****
2021-01-17 18:34:36 INFO  EmployeesRestAPI:14 - *******Started TC005_Delete_Employee_Record*******
2021-01-17 18:34:43 INFO  EmployeesRestAPI:60 - ****Finished TC005_Delete_Employee_Record *****
2021-01-17 18:45:37 INFO  EmployeesRestAPI:15 - ****************Started TC001_Get_All Employees ******************
2021-01-17 18:45:41 INFO  EmployeesRestAPI:73 - **************** Checking Content Encoding **************************
2021-01-17 18:45:41 INFO  EmployeesRestAPI:75 - Content Type is ==>gzip
2021-01-17 18:45:41 INFO  EmployeesRestAPI:81 - **************** Checking Content Length **************************
2021-01-17 18:45:41 INFO  EmployeesRestAPI:84 - Content Length is ==>595
2021-01-17 18:45:41 INFO  EmployeesRestAPI:56 - **************** Checking Content Type **************************
2021-01-17 18:45:41 INFO  EmployeesRestAPI:59 - Content Type is ==>application/json;charset=utf-8
2021-01-17 18:45:41 INFO  EmployeesRestAPI:92 - **************** Checking Cookies **************************
2021-01-17 18:45:41 INFO  EmployeesRestAPI:23 - **************** Checking Response Body **************************
2021-01-17 18:45:41 INFO  EmployeesRestAPI:38 - **************** Checking Response Time **************************
2021-01-17 18:45:41 INFO  EmployeesRestAPI:40 - Response Time is ==>612
2021-01-17 18:45:41 INFO  EmployeesRestAPI:65 - **************** Checking Server Type **************************
2021-01-17 18:45:41 INFO  EmployeesRestAPI:67 - Content Type is ==>nginx/1.16.0
2021-01-17 18:45:41 INFO  EmployeesRestAPI:30 - **************** Checking Status Code **************************
2021-01-17 18:45:41 INFO  EmployeesRestAPI:32 - Status code is ==>200
2021-01-17 18:45:41 INFO  EmployeesRestAPI:48 - **************** Checking Status Line **************************
2021-01-17 18:45:41 INFO  EmployeesRestAPI:50 - Status Line is ==>HTTP/1.1 200 OK
2021-01-17 18:45:41 INFO  EmployeesRestAPI:101 - **************** Finished TC001_Get_All_Employees **************************
2021-01-17 18:45:41 INFO  EmployeesRestAPI:15 - **********Started TC002_Get_Single_Employee_Record*********
2021-01-17 18:45:45 INFO  EmployeesRestAPI:65 - ****** Finished TC002_Get_Single_Employee_Record ******
2021-01-17 18:45:45 INFO  EmployeesRestAPI:20 - *******Started TC003_Post_Employee_Record*******
2021-01-17 18:45:52 WARN  EmployeesRestAPI:58 - Response Time is greater than 2000
2021-01-17 18:45:52 INFO  EmployeesRestAPI:81 - ****Finished TC003_Post_Employee_Record *****
2021-01-17 18:45:52 INFO  EmployeesRestAPI:19 - *******Started TC004_Put_Employee_Record*******
2021-01-17 18:45:59 WARN  EmployeesRestAPI:57 - Response Time is greater than 2000
2021-01-17 18:45:59 INFO  EmployeesRestAPI:80 - ****Finished TC004_Put_Employee_Record *****
2021-01-17 18:45:59 INFO  EmployeesRestAPI:14 - *******Started TC005_Delete_Employee_Record*******
2021-01-17 18:46:08 INFO  EmployeesRestAPI:60 - ****Finished TC005_Delete_Employee_Record *****
2021-01-17 18:46:18 INFO  EmployeesRestAPI:15 - ****************Started TC001_Get_All Employees ******************
2021-01-17 18:46:22 INFO  EmployeesRestAPI:73 - **************** Checking Content Encoding **************************
2021-01-17 18:46:22 INFO  EmployeesRestAPI:75 - Content Type is ==>gzip
2021-01-17 18:46:22 INFO  EmployeesRestAPI:81 - **************** Checking Content Length **************************
2021-01-17 18:46:22 INFO  EmployeesRestAPI:84 - Content Length is ==>595
2021-01-17 18:46:22 INFO  EmployeesRestAPI:56 - **************** Checking Content Type **************************
2021-01-17 18:46:22 INFO  EmployeesRestAPI:59 - Content Type is ==>application/json;charset=utf-8
2021-01-17 18:46:22 INFO  EmployeesRestAPI:92 - **************** Checking Cookies **************************
2021-01-17 18:46:22 INFO  EmployeesRestAPI:23 - **************** Checking Response Body **************************
2021-01-17 18:46:22 INFO  EmployeesRestAPI:38 - **************** Checking Response Time **************************
2021-01-17 18:46:22 INFO  EmployeesRestAPI:40 - Response Time is ==>420
2021-01-17 18:46:22 INFO  EmployeesRestAPI:65 - **************** Checking Server Type **************************
2021-01-17 18:46:22 INFO  EmployeesRestAPI:67 - Content Type is ==>nginx/1.16.0
2021-01-17 18:46:22 INFO  EmployeesRestAPI:30 - **************** Checking Status Code **************************
2021-01-17 18:46:22 INFO  EmployeesRestAPI:32 - Status code is ==>200
2021-01-17 18:46:22 INFO  EmployeesRestAPI:48 - **************** Checking Status Line **************************
2021-01-17 18:46:22 INFO  EmployeesRestAPI:50 - Status Line is ==>HTTP/1.1 200 OK
2021-01-17 18:46:22 INFO  EmployeesRestAPI:101 - **************** Finished TC001_Get_All_Employees **************************
2021-01-17 18:46:22 INFO  EmployeesRestAPI:15 - **********Started TC002_Get_Single_Employee_Record*********
2021-01-17 18:46:26 INFO  EmployeesRestAPI:65 - ****** Finished TC002_Get_Single_Employee_Record ******
2021-01-17 18:46:26 INFO  EmployeesRestAPI:20 - *******Started TC003_Post_Employee_Record*******
2021-01-17 18:46:32 INFO  EmployeesRestAPI:81 - ****Finished TC003_Post_Employee_Record *****
2021-01-17 18:46:32 INFO  EmployeesRestAPI:19 - *******Started TC004_Put_Employee_Record*******
2021-01-17 18:46:38 INFO  EmployeesRestAPI:80 - ****Finished TC004_Put_Employee_Record *****
2021-01-17 18:46:38 INFO  EmployeesRestAPI:14 - *******Started TC005_Delete_Employee_Record*******
2021-01-17 18:46:44 INFO  EmployeesRestAPI:60 - ****Finished TC005_Delete_Employee_Record *****
2021-01-17 18:47:57 INFO  EmployeesRestAPI:15 - ****************Started TC001_Get_All Employees ******************
2021-01-17 18:48:01 INFO  EmployeesRestAPI:73 - **************** Checking Content Encoding **************************
2021-01-17 18:48:01 INFO  EmployeesRestAPI:75 - Content Type is ==>gzip
2021-01-17 18:48:01 INFO  EmployeesRestAPI:81 - **************** Checking Content Length **************************
2021-01-17 18:48:01 INFO  EmployeesRestAPI:84 - Content Length is ==>595
2021-01-17 18:48:01 INFO  EmployeesRestAPI:56 - **************** Checking Content Type **************************
2021-01-17 18:48:01 INFO  EmployeesRestAPI:59 - Content Type is ==>application/json;charset=utf-8
2021-01-17 18:48:01 INFO  EmployeesRestAPI:92 - **************** Checking Cookies **************************
2021-01-17 18:48:01 INFO  EmployeesRestAPI:23 - **************** Checking Response Body **************************
2021-01-17 18:48:01 INFO  EmployeesRestAPI:38 - **************** Checking Response Time **************************
2021-01-17 18:48:01 INFO  EmployeesRestAPI:40 - Response Time is ==>417
2021-01-17 18:48:01 INFO  EmployeesRestAPI:65 - **************** Checking Server Type **************************
2021-01-17 18:48:01 INFO  EmployeesRestAPI:67 - Content Type is ==>nginx/1.16.0
2021-01-17 18:48:01 INFO  EmployeesRestAPI:30 - **************** Checking Status Code **************************
2021-01-17 18:48:01 INFO  EmployeesRestAPI:32 - Status code is ==>200
2021-01-17 18:48:01 INFO  EmployeesRestAPI:48 - **************** Checking Status Line **************************
2021-01-17 18:48:01 INFO  EmployeesRestAPI:50 - Status Line is ==>HTTP/1.1 200 OK
2021-01-17 18:48:01 INFO  EmployeesRestAPI:101 - **************** Finished TC001_Get_All_Employees **************************
2021-01-17 18:48:01 INFO  EmployeesRestAPI:15 - **********Started TC002_Get_Single_Employee_Record*********
2021-01-17 18:48:05 INFO  EmployeesRestAPI:65 - ****** Finished TC002_Get_Single_Employee_Record ******
2021-01-17 18:48:05 INFO  EmployeesRestAPI:20 - *******Started TC003_Post_Employee_Record*******
2021-01-17 18:48:11 INFO  EmployeesRestAPI:81 - ****Finished TC003_Post_Employee_Record *****
2021-01-17 18:48:11 INFO  EmployeesRestAPI:19 - *******Started TC004_Put_Employee_Record*******
2021-01-17 18:48:17 INFO  EmployeesRestAPI:80 - ****Finished TC004_Put_Employee_Record *****
2021-01-17 18:48:17 INFO  EmployeesRestAPI:14 - *******Started TC005_Delete_Employee_Record*******
2021-01-17 18:48:23 INFO  EmployeesRestAPI:60 - ****Finished TC005_Delete_Employee_Record *****
2021-01-17 19:05:14 INFO  EmployeesRestAPI:15 - ****************Started TC001_Get_All Employees ******************
2021-01-17 19:05:19 INFO  EmployeesRestAPI:73 - **************** Checking Content Encoding **************************
2021-01-17 19:05:19 INFO  EmployeesRestAPI:75 - Content Type is ==>gzip
2021-01-17 19:05:19 INFO  EmployeesRestAPI:81 - **************** Checking Content Length **************************
2021-01-17 19:05:19 INFO  EmployeesRestAPI:84 - Content Length is ==>595
2021-01-17 19:05:19 INFO  EmployeesRestAPI:56 - **************** Checking Content Type **************************
2021-01-17 19:05:19 INFO  EmployeesRestAPI:59 - Content Type is ==>application/json;charset=utf-8
2021-01-17 19:05:19 INFO  EmployeesRestAPI:92 - **************** Checking Cookies **************************
2021-01-17 19:05:19 INFO  EmployeesRestAPI:23 - **************** Checking Response Body **************************
2021-01-17 19:05:19 INFO  EmployeesRestAPI:38 - **************** Checking Response Time **************************
2021-01-17 19:05:19 INFO  EmployeesRestAPI:40 - Response Time is ==>1246
2021-01-17 19:05:19 INFO  EmployeesRestAPI:65 - **************** Checking Server Type **************************
2021-01-17 19:05:19 INFO  EmployeesRestAPI:67 - Content Type is ==>nginx/1.16.0
2021-01-17 19:05:19 INFO  EmployeesRestAPI:30 - **************** Checking Status Code **************************
2021-01-17 19:05:19 INFO  EmployeesRestAPI:32 - Status code is ==>200
2021-01-17 19:05:19 INFO  EmployeesRestAPI:48 - **************** Checking Status Line **************************
2021-01-17 19:05:19 INFO  EmployeesRestAPI:50 - Status Line is ==>HTTP/1.1 200 OK
2021-01-17 19:05:19 INFO  EmployeesRestAPI:101 - **************** Finished TC001_Get_All_Employees **************************
2021-01-17 19:05:19 INFO  EmployeesRestAPI:15 - **********Started TC002_Get_Single_Employee_Record*********
2021-01-17 19:05:23 INFO  EmployeesRestAPI:65 - ****** Finished TC002_Get_Single_Employee_Record ******
2021-01-17 19:05:23 INFO  EmployeesRestAPI:20 - *******Started TC003_Post_Employee_Record*******
2021-01-17 19:05:29 INFO  EmployeesRestAPI:81 - ****Finished TC003_Post_Employee_Record *****
2021-01-17 19:05:29 INFO  EmployeesRestAPI:19 - *******Started TC004_Put_Employee_Record*******
2021-01-17 19:05:31 INFO  EmployeesRestAPI:15 - ****************Started TC001_Get_All Employees ******************
2021-01-17 19:05:35 INFO  EmployeesRestAPI:80 - ****Finished TC004_Put_Employee_Record *****
2021-01-17 19:05:35 INFO  EmployeesRestAPI:14 - *******Started TC005_Delete_Employee_Record*******
2021-01-17 19:05:35 INFO  EmployeesRestAPI:73 - **************** Checking Content Encoding **************************
2021-01-17 19:05:35 INFO  EmployeesRestAPI:75 - Content Type is ==>gzip
2021-01-17 19:05:35 INFO  EmployeesRestAPI:81 - **************** Checking Content Length **************************
2021-01-17 19:05:35 INFO  EmployeesRestAPI:84 - Content Length is ==>595
2021-01-17 19:05:35 INFO  EmployeesRestAPI:56 - **************** Checking Content Type **************************
2021-01-17 19:05:35 INFO  EmployeesRestAPI:59 - Content Type is ==>application/json;charset=utf-8
2021-01-17 19:05:35 INFO  EmployeesRestAPI:92 - **************** Checking Cookies **************************
2021-01-17 19:05:35 INFO  EmployeesRestAPI:23 - **************** Checking Response Body **************************
2021-01-17 19:05:35 INFO  EmployeesRestAPI:38 - **************** Checking Response Time **************************
2021-01-17 19:05:35 INFO  EmployeesRestAPI:40 - Response Time is ==>946
2021-01-17 19:05:35 INFO  EmployeesRestAPI:65 - **************** Checking Server Type **************************
2021-01-17 19:05:35 INFO  EmployeesRestAPI:67 - Content Type is ==>nginx/1.16.0
2021-01-17 19:05:35 INFO  EmployeesRestAPI:30 - **************** Checking Status Code **************************
2021-01-17 19:05:35 INFO  EmployeesRestAPI:32 - Status code is ==>200
2021-01-17 19:05:35 INFO  EmployeesRestAPI:48 - **************** Checking Status Line **************************
2021-01-17 19:05:35 INFO  EmployeesRestAPI:50 - Status Line is ==>HTTP/1.1 200 OK
2021-01-17 19:05:35 INFO  EmployeesRestAPI:101 - **************** Finished TC001_Get_All_Employees **************************
2021-01-17 19:05:35 INFO  EmployeesRestAPI:15 - **********Started TC002_Get_Single_Employee_Record*********
2021-01-17 19:05:39 INFO  EmployeesRestAPI:65 - ****** Finished TC002_Get_Single_Employee_Record ******
2021-01-17 19:05:39 INFO  EmployeesRestAPI:20 - *******Started TC003_Post_Employee_Record*******
2021-01-17 19:05:41 INFO  EmployeesRestAPI:60 - ****Finished TC005_Delete_Employee_Record *****
2021-01-17 19:05:45 INFO  EmployeesRestAPI:81 - ****Finished TC003_Post_Employee_Record *****
2021-01-17 19:05:45 INFO  EmployeesRestAPI:19 - *******Started TC004_Put_Employee_Record*******
2021-01-17 19:05:51 INFO  EmployeesRestAPI:80 - ****Finished TC004_Put_Employee_Record *****
2021-01-17 19:05:51 INFO  EmployeesRestAPI:14 - *******Started TC005_Delete_Employee_Record*******
2021-01-17 19:05:57 INFO  EmployeesRestAPI:60 - ****Finished TC005_Delete_Employee_Record *****
2021-01-17 19:44:48 INFO  EmployeesRestAPI:15 - ****************Started TC001_Get_All Employees ******************
2021-01-17 19:44:52 INFO  EmployeesRestAPI:73 - **************** Checking Content Encoding **************************
2021-01-17 19:44:52 INFO  EmployeesRestAPI:75 - Content Type is ==>gzip
2021-01-17 19:44:52 INFO  EmployeesRestAPI:81 - **************** Checking Content Length **************************
2021-01-17 19:44:52 INFO  EmployeesRestAPI:84 - Content Length is ==>595
2021-01-17 19:44:52 INFO  EmployeesRestAPI:56 - **************** Checking Content Type **************************
2021-01-17 19:44:52 INFO  EmployeesRestAPI:59 - Content Type is ==>application/json;charset=utf-8
2021-01-17 19:44:52 INFO  EmployeesRestAPI:92 - **************** Checking Cookies **************************
2021-01-17 19:44:52 INFO  EmployeesRestAPI:23 - **************** Checking Response Body **************************
2021-01-17 19:44:52 INFO  EmployeesRestAPI:38 - **************** Checking Response Time **************************
2021-01-17 19:44:52 INFO  EmployeesRestAPI:40 - Response Time is ==>984
2021-01-17 19:44:52 INFO  EmployeesRestAPI:65 - **************** Checking Server Type **************************
2021-01-17 19:44:52 INFO  EmployeesRestAPI:67 - Content Type is ==>nginx/1.16.0
2021-01-17 19:44:52 INFO  EmployeesRestAPI:30 - **************** Checking Status Code **************************
2021-01-17 19:44:52 INFO  EmployeesRestAPI:32 - Status code is ==>200
2021-01-17 19:44:52 INFO  EmployeesRestAPI:48 - **************** Checking Status Line **************************
2021-01-17 19:44:52 INFO  EmployeesRestAPI:50 - Status Line is ==>HTTP/1.1 200 OK
2021-01-17 19:44:52 INFO  EmployeesRestAPI:101 - **************** Finished TC001_Get_All_Employees **************************
2021-01-17 19:44:52 INFO  EmployeesRestAPI:15 - **********Started TC002_Get_Single_Employee_Record*********
2021-01-17 19:44:56 INFO  EmployeesRestAPI:65 - ****** Finished TC002_Get_Single_Employee_Record ******
2021-01-17 19:44:56 INFO  EmployeesRestAPI:20 - *******Started TC003_Post_Employee_Record*******
2021-01-17 19:45:02 INFO  EmployeesRestAPI:81 - ****Finished TC003_Post_Employee_Record *****
2021-01-17 19:45:02 INFO  EmployeesRestAPI:19 - *******Started TC004_Put_Employee_Record*******
2021-01-17 19:45:08 INFO  EmployeesRestAPI:80 - ****Finished TC004_Put_Employee_Record *****
2021-01-17 19:45:08 INFO  EmployeesRestAPI:14 - *******Started TC005_Delete_Employee_Record*******
2021-01-17 19:45:14 INFO  EmployeesRestAPI:60 - ****Finished TC005_Delete_Employee_Record *****
2021-01-17 20:50:52 INFO  EmployeesRestAPI:15 - ****************Started TC001_Get_All Employees ******************
2021-01-17 20:50:56 INFO  EmployeesRestAPI:73 - **************** Checking Content Encoding **************************
2021-01-17 20:50:56 INFO  EmployeesRestAPI:75 - Content Type is ==>gzip
2021-01-17 20:50:56 INFO  EmployeesRestAPI:81 - **************** Checking Content Length **************************
2021-01-17 20:50:56 INFO  EmployeesRestAPI:84 - Content Length is ==>595
2021-01-17 20:50:56 INFO  EmployeesRestAPI:56 - **************** Checking Content Type **************************
2021-01-17 20:50:56 INFO  EmployeesRestAPI:59 - Content Type is ==>application/json;charset=utf-8
2021-01-17 20:50:56 INFO  EmployeesRestAPI:92 - **************** Checking Cookies **************************
2021-01-17 20:50:56 INFO  EmployeesRestAPI:23 - **************** Checking Response Body **************************
2021-01-17 20:50:56 INFO  EmployeesRestAPI:38 - **************** Checking Response Time **************************
2021-01-17 20:50:56 INFO  EmployeesRestAPI:40 - Response Time is ==>831
2021-01-17 20:50:56 INFO  EmployeesRestAPI:65 - **************** Checking Server Type **************************
2021-01-17 20:50:56 INFO  EmployeesRestAPI:67 - Content Type is ==>nginx/1.16.0
2021-01-17 20:50:56 INFO  EmployeesRestAPI:30 - **************** Checking Status Code **************************
2021-01-17 20:50:56 INFO  EmployeesRestAPI:32 - Status code is ==>200
2021-01-17 20:50:56 INFO  EmployeesRestAPI:48 - **************** Checking Status Line **************************
2021-01-17 20:50:56 INFO  EmployeesRestAPI:50 - Status Line is ==>HTTP/1.1 200 OK
2021-01-17 20:50:56 INFO  EmployeesRestAPI:101 - **************** Finished TC001_Get_All_Employees **************************
2021-01-17 20:50:56 INFO  EmployeesRestAPI:15 - **********Started TC002_Get_Single_Employee_Record*********
2021-01-17 20:51:00 INFO  EmployeesRestAPI:65 - ****** Finished TC002_Get_Single_Employee_Record ******
2021-01-17 20:51:00 INFO  EmployeesRestAPI:20 - *******Started TC003_Post_Employee_Record*******
2021-01-17 20:51:05 INFO  EmployeesRestAPI:81 - ****Finished TC003_Post_Employee_Record *****
2021-01-17 20:51:05 INFO  EmployeesRestAPI:19 - *******Started TC004_Put_Employee_Record*******
2021-01-17 20:51:11 INFO  EmployeesRestAPI:80 - ****Finished TC004_Put_Employee_Record *****
2021-01-17 20:51:11 INFO  EmployeesRestAPI:14 - *******Started TC005_Delete_Employee_Record*******
2021-01-17 20:51:18 INFO  EmployeesRestAPI:60 - ****Finished TC005_Delete_Employee_Record *****
2021-01-17 21:20:29 INFO  EmployeesRestAPI:15 - ****************Started TC001_Get_All Employees ******************
2021-01-17 21:20:34 INFO  EmployeesRestAPI:73 - **************** Checking Content Encoding **************************
2021-01-17 21:20:34 INFO  EmployeesRestAPI:75 - Content Type is ==>gzip
2021-01-17 21:20:34 INFO  EmployeesRestAPI:81 - **************** Checking Content Length **************************
2021-01-17 21:20:34 INFO  EmployeesRestAPI:84 - Content Length is ==>595
2021-01-17 21:20:34 INFO  EmployeesRestAPI:56 - **************** Checking Content Type **************************
2021-01-17 21:20:34 INFO  EmployeesRestAPI:59 - Content Type is ==>application/json;charset=utf-8
2021-01-17 21:20:34 INFO  EmployeesRestAPI:92 - **************** Checking Cookies **************************
2021-01-17 21:20:34 INFO  EmployeesRestAPI:23 - **************** Checking Response Body **************************
2021-01-17 21:20:34 INFO  EmployeesRestAPI:38 - **************** Checking Response Time **************************
2021-01-17 21:20:34 INFO  EmployeesRestAPI:40 - Response Time is ==>1219
2021-01-17 21:20:34 INFO  EmployeesRestAPI:65 - **************** Checking Server Type **************************
2021-01-17 21:20:34 INFO  EmployeesRestAPI:67 - Content Type is ==>nginx/1.16.0
2021-01-17 21:20:34 INFO  EmployeesRestAPI:30 - **************** Checking Status Code **************************
2021-01-17 21:20:34 INFO  EmployeesRestAPI:32 - Status code is ==>200
2021-01-17 21:20:34 INFO  EmployeesRestAPI:48 - **************** Checking Status Line **************************
2021-01-17 21:20:34 INFO  EmployeesRestAPI:50 - Status Line is ==>HTTP/1.1 200 OK
2021-01-17 21:20:34 INFO  EmployeesRestAPI:101 - **************** Finished TC001_Get_All_Employees **************************
2021-01-17 21:20:34 INFO  EmployeesRestAPI:15 - **********Started TC002_Get_Single_Employee_Record*********
2021-01-17 21:20:39 INFO  EmployeesRestAPI:65 - ****** Finished TC002_Get_Single_Employee_Record ******
2021-01-17 21:20:39 INFO  EmployeesRestAPI:20 - *******Started TC003_Post_Employee_Record*******
2021-01-17 21:20:45 INFO  EmployeesRestAPI:81 - ****Finished TC003_Post_Employee_Record *****
2021-01-17 21:20:45 INFO  EmployeesRestAPI:19 - *******Started TC004_Put_Employee_Record*******
2021-01-17 21:20:53 WARN  EmployeesRestAPI:57 - Response Time is greater than 2000
2021-01-17 21:20:53 INFO  EmployeesRestAPI:80 - ****Finished TC004_Put_Employee_Record *****
2021-01-17 21:20:53 INFO  EmployeesRestAPI:14 - *******Started TC005_Delete_Employee_Record*******
2021-01-17 21:20:59 INFO  EmployeesRestAPI:60 - ****Finished TC005_Delete_Employee_Record *****
2021-01-17 21:21:52 INFO  EmployeesRestAPI:15 - ****************Started TC001_Get_All Employees ******************
2021-01-17 21:21:56 INFO  EmployeesRestAPI:73 - **************** Checking Content Encoding **************************
2021-01-17 21:21:56 INFO  EmployeesRestAPI:75 - Content Type is ==>gzip
2021-01-17 21:21:56 INFO  EmployeesRestAPI:81 - **************** Checking Content Length **************************
2021-01-17 21:21:56 INFO  EmployeesRestAPI:84 - Content Length is ==>595
2021-01-17 21:21:56 INFO  EmployeesRestAPI:56 - **************** Checking Content Type **************************
2021-01-17 21:21:56 INFO  EmployeesRestAPI:59 - Content Type is ==>application/json;charset=utf-8
2021-01-17 21:21:56 INFO  EmployeesRestAPI:92 - **************** Checking Cookies **************************
2021-01-17 21:21:56 INFO  EmployeesRestAPI:23 - **************** Checking Response Body **************************
2021-01-17 21:21:56 INFO  EmployeesRestAPI:38 - **************** Checking Response Time **************************
2021-01-17 21:21:56 INFO  EmployeesRestAPI:40 - Response Time is ==>801
2021-01-17 21:21:56 INFO  EmployeesRestAPI:65 - **************** Checking Server Type **************************
2021-01-17 21:21:56 INFO  EmployeesRestAPI:67 - Content Type is ==>nginx/1.16.0
2021-01-17 21:21:56 INFO  EmployeesRestAPI:30 - **************** Checking Status Code **************************
2021-01-17 21:21:56 INFO  EmployeesRestAPI:32 - Status code is ==>200
2021-01-17 21:21:56 INFO  EmployeesRestAPI:48 - **************** Checking Status Line **************************
2021-01-17 21:21:56 INFO  EmployeesRestAPI:50 - Status Line is ==>HTTP/1.1 200 OK
2021-01-17 21:21:56 INFO  EmployeesRestAPI:101 - **************** Finished TC001_Get_All_Employees **************************
2021-01-17 21:21:56 INFO  EmployeesRestAPI:15 - **********Started TC002_Get_Single_Employee_Record*********
2021-01-17 21:22:00 INFO  EmployeesRestAPI:65 - ****** Finished TC002_Get_Single_Employee_Record ******
2021-01-17 21:22:00 INFO  EmployeesRestAPI:20 - *******Started TC003_Post_Employee_Record*******
2021-01-17 21:22:06 INFO  EmployeesRestAPI:81 - ****Finished TC003_Post_Employee_Record *****
2021-01-17 21:22:06 INFO  EmployeesRestAPI:19 - *******Started TC004_Put_Employee_Record*******
2021-01-17 21:22:12 INFO  EmployeesRestAPI:80 - ****Finished TC004_Put_Employee_Record *****
2021-01-17 21:22:12 INFO  EmployeesRestAPI:14 - *******Started TC005_Delete_Employee_Record*******
2021-01-17 21:22:18 INFO  EmployeesRestAPI:60 - ****Finished TC005_Delete_Employee_Record *****
2021-01-17 21:42:13 INFO  EmployeesRestAPI:15 - ****************Started TC001_Get_All Employees ******************
2021-01-17 21:42:17 INFO  EmployeesRestAPI:73 - **************** Checking Content Encoding **************************
2021-01-17 21:42:17 INFO  EmployeesRestAPI:75 - Content Type is ==>gzip
2021-01-17 21:42:17 INFO  EmployeesRestAPI:81 - **************** Checking Content Length **************************
2021-01-17 21:42:17 INFO  EmployeesRestAPI:84 - Content Length is ==>595
2021-01-17 21:42:17 INFO  EmployeesRestAPI:56 - **************** Checking Content Type **************************
2021-01-17 21:42:17 INFO  EmployeesRestAPI:59 - Content Type is ==>application/json;charset=utf-8
2021-01-17 21:42:17 INFO  EmployeesRestAPI:92 - **************** Checking Cookies **************************
2021-01-17 21:42:17 INFO  EmployeesRestAPI:23 - **************** Checking Response Body **************************
2021-01-17 21:42:17 INFO  EmployeesRestAPI:38 - **************** Checking Response Time **************************
2021-01-17 21:42:17 INFO  EmployeesRestAPI:40 - Response Time is ==>1046
2021-01-17 21:42:17 INFO  EmployeesRestAPI:65 - **************** Checking Server Type **************************
2021-01-17 21:42:17 INFO  EmployeesRestAPI:67 - Content Type is ==>nginx/1.16.0
2021-01-17 21:42:17 INFO  EmployeesRestAPI:30 - **************** Checking Status Code **************************
2021-01-17 21:42:17 INFO  EmployeesRestAPI:32 - Status code is ==>200
2021-01-17 21:42:17 INFO  EmployeesRestAPI:48 - **************** Checking Status Line **************************
2021-01-17 21:42:17 INFO  EmployeesRestAPI:50 - Status Line is ==>HTTP/1.1 200 OK
2021-01-17 21:42:17 INFO  EmployeesRestAPI:101 - **************** Finished TC001_Get_All_Employees **************************
2021-01-17 21:42:17 INFO  EmployeesRestAPI:15 - **********Started TC002_Get_Single_Employee_Record*********
2021-01-17 21:42:21 INFO  EmployeesRestAPI:65 - ****** Finished TC002_Get_Single_Employee_Record ******
2021-01-17 21:42:21 INFO  EmployeesRestAPI:20 - *******Started TC003_Post_Employee_Record*******
2021-01-17 21:42:27 INFO  EmployeesRestAPI:81 - ****Finished TC003_Post_Employee_Record *****
2021-01-17 21:42:27 INFO  EmployeesRestAPI:19 - *******Started TC004_Put_Employee_Record*******
2021-01-17 21:42:33 INFO  EmployeesRestAPI:80 - ****Finished TC004_Put_Employee_Record *****
2021-01-17 21:42:33 INFO  EmployeesRestAPI:14 - *******Started TC005_Delete_Employee_Record*******
2021-01-17 21:42:40 INFO  EmployeesRestAPI:60 - ****Finished TC005_Delete_Employee_Record *****
2021-01-17 21:43:03 INFO  EmployeesRestAPI:15 - ****************Started TC001_Get_All Employees ******************
2021-01-17 21:43:07 INFO  EmployeesRestAPI:73 - **************** Checking Content Encoding **************************
2021-01-17 21:43:07 INFO  EmployeesRestAPI:75 - Content Type is ==>gzip
2021-01-17 21:43:07 INFO  EmployeesRestAPI:81 - **************** Checking Content Length **************************
2021-01-17 21:43:07 INFO  EmployeesRestAPI:84 - Content Length is ==>595
2021-01-17 21:43:07 INFO  EmployeesRestAPI:56 - **************** Checking Content Type **************************
2021-01-17 21:43:07 INFO  EmployeesRestAPI:59 - Content Type is ==>application/json;charset=utf-8
2021-01-17 21:43:07 INFO  EmployeesRestAPI:92 - **************** Checking Cookies **************************
2021-01-17 21:43:07 INFO  EmployeesRestAPI:23 - **************** Checking Response Body **************************
2021-01-17 21:43:07 INFO  EmployeesRestAPI:38 - **************** Checking Response Time **************************
2021-01-17 21:43:07 INFO  EmployeesRestAPI:40 - Response Time is ==>699
2021-01-17 21:43:07 INFO  EmployeesRestAPI:65 - **************** Checking Server Type **************************
2021-01-17 21:43:07 INFO  EmployeesRestAPI:67 - Content Type is ==>nginx/1.16.0
2021-01-17 21:43:07 INFO  EmployeesRestAPI:30 - **************** Checking Status Code **************************
2021-01-17 21:43:07 INFO  EmployeesRestAPI:32 - Status code is ==>200
2021-01-17 21:43:07 INFO  EmployeesRestAPI:48 - **************** Checking Status Line **************************
2021-01-17 21:43:07 INFO  EmployeesRestAPI:50 - Status Line is ==>HTTP/1.1 200 OK
2021-01-17 21:43:07 INFO  EmployeesRestAPI:101 - **************** Finished TC001_Get_All_Employees **************************
2021-01-17 21:43:07 INFO  EmployeesRestAPI:15 - **********Started TC002_Get_Single_Employee_Record*********
2021-01-17 21:43:11 INFO  EmployeesRestAPI:65 - ****** Finished TC002_Get_Single_Employee_Record ******
2021-01-17 21:43:11 INFO  EmployeesRestAPI:20 - *******Started TC003_Post_Employee_Record*******
2021-01-17 21:43:17 INFO  EmployeesRestAPI:81 - ****Finished TC003_Post_Employee_Record *****
2021-01-17 21:43:17 INFO  EmployeesRestAPI:19 - *******Started TC004_Put_Employee_Record*******
2021-01-17 21:43:23 INFO  EmployeesRestAPI:80 - ****Finished TC004_Put_Employee_Record *****
2021-01-17 21:43:23 INFO  EmployeesRestAPI:14 - *******Started TC005_Delete_Employee_Record*******
2021-01-17 21:43:29 INFO  EmployeesRestAPI:60 - ****Finished TC005_Delete_Employee_Record *****
2021-01-17 21:46:35 INFO  EmployeesRestAPI:15 - ****************Started TC001_Get_All Employees ******************
2021-01-17 21:46:39 INFO  EmployeesRestAPI:73 - **************** Checking Content Encoding **************************
2021-01-17 21:46:39 INFO  EmployeesRestAPI:75 - Content Type is ==>gzip
2021-01-17 21:46:39 INFO  EmployeesRestAPI:81 - **************** Checking Content Length **************************
2021-01-17 21:46:39 INFO  EmployeesRestAPI:84 - Content Length is ==>595
2021-01-17 21:46:39 INFO  EmployeesRestAPI:56 - **************** Checking Content Type **************************
2021-01-17 21:46:39 INFO  EmployeesRestAPI:59 - Content Type is ==>application/json;charset=utf-8
2021-01-17 21:46:39 INFO  EmployeesRestAPI:92 - **************** Checking Cookies **************************
2021-01-17 21:46:39 INFO  EmployeesRestAPI:23 - **************** Checking Response Body **************************
2021-01-17 21:46:39 INFO  EmployeesRestAPI:38 - **************** Checking Response Time **************************
2021-01-17 21:46:39 INFO  EmployeesRestAPI:40 - Response Time is ==>811
2021-01-17 21:46:39 INFO  EmployeesRestAPI:65 - **************** Checking Server Type **************************
2021-01-17 21:46:39 INFO  EmployeesRestAPI:67 - Content Type is ==>nginx/1.16.0
2021-01-17 21:46:39 INFO  EmployeesRestAPI:30 - **************** Checking Status Code **************************
2021-01-17 21:46:39 INFO  EmployeesRestAPI:32 - Status code is ==>200
2021-01-17 21:46:39 INFO  EmployeesRestAPI:48 - **************** Checking Status Line **************************
2021-01-17 21:46:39 INFO  EmployeesRestAPI:50 - Status Line is ==>HTTP/1.1 200 OK
2021-01-17 21:46:39 INFO  EmployeesRestAPI:101 - **************** Finished TC001_Get_All_Employees **************************
2021-01-17 21:46:39 INFO  EmployeesRestAPI:15 - **********Started TC002_Get_Single_Employee_Record*********
2021-01-17 21:46:43 INFO  EmployeesRestAPI:65 - ****** Finished TC002_Get_Single_Employee_Record ******
2021-01-17 21:46:43 INFO  EmployeesRestAPI:20 - *******Started TC003_Post_Employee_Record*******
2021-01-17 21:46:49 INFO  EmployeesRestAPI:81 - ****Finished TC003_Post_Employee_Record *****
2021-01-17 21:46:49 INFO  EmployeesRestAPI:19 - *******Started TC004_Put_Employee_Record*******
2021-01-17 21:46:55 INFO  EmployeesRestAPI:80 - ****Finished TC004_Put_Employee_Record *****
2021-01-17 21:46:55 INFO  EmployeesRestAPI:14 - *******Started TC005_Delete_Employee_Record*******
2021-01-17 21:47:01 INFO  EmployeesRestAPI:60 - ****Finished TC005_Delete_Employee_Record *****
2021-01-17 22:06:00 INFO  EmployeesRestAPI:15 - ****************Started TC001_Get_All Employees ******************
2021-01-17 22:06:04 INFO  EmployeesRestAPI:73 - **************** Checking Content Encoding **************************
2021-01-17 22:06:04 INFO  EmployeesRestAPI:75 - Content Type is ==>gzip
2021-01-17 22:06:05 INFO  EmployeesRestAPI:81 - **************** Checking Content Length **************************
2021-01-17 22:06:05 INFO  EmployeesRestAPI:84 - Content Length is ==>595
2021-01-17 22:06:05 INFO  EmployeesRestAPI:56 - **************** Checking Content Type **************************
2021-01-17 22:06:05 INFO  EmployeesRestAPI:59 - Content Type is ==>application/json;charset=utf-8
2021-01-17 22:06:05 INFO  EmployeesRestAPI:92 - **************** Checking Cookies **************************
2021-01-17 22:06:05 INFO  EmployeesRestAPI:23 - **************** Checking Response Body **************************
2021-01-17 22:06:05 INFO  EmployeesRestAPI:38 - **************** Checking Response Time **************************
2021-01-17 22:06:05 INFO  EmployeesRestAPI:40 - Response Time is ==>1047
2021-01-17 22:06:05 INFO  EmployeesRestAPI:65 - **************** Checking Server Type **************************
2021-01-17 22:06:05 INFO  EmployeesRestAPI:67 - Content Type is ==>nginx/1.16.0
2021-01-17 22:06:05 INFO  EmployeesRestAPI:30 - **************** Checking Status Code **************************
2021-01-17 22:06:05 INFO  EmployeesRestAPI:32 - Status code is ==>200
2021-01-17 22:06:05 INFO  EmployeesRestAPI:48 - **************** Checking Status Line **************************
2021-01-17 22:06:05 INFO  EmployeesRestAPI:50 - Status Line is ==>HTTP/1.1 200 OK
2021-01-17 22:06:05 INFO  EmployeesRestAPI:101 - **************** Finished TC001_Get_All_Employees **************************
2021-01-17 22:06:05 INFO  EmployeesRestAPI:15 - **********Started TC002_Get_Single_Employee_Record*********
2021-01-17 22:06:08 INFO  EmployeesRestAPI:65 - ****** Finished TC002_Get_Single_Employee_Record ******
2021-01-17 22:06:08 INFO  EmployeesRestAPI:20 - *******Started TC003_Post_Employee_Record*******
2021-01-17 22:06:14 INFO  EmployeesRestAPI:81 - ****Finished TC003_Post_Employee_Record *****
2021-01-17 22:06:14 INFO  EmployeesRestAPI:19 - *******Started TC004_Put_Employee_Record*******
2021-01-17 22:06:20 INFO  EmployeesRestAPI:80 - ****Finished TC004_Put_Employee_Record *****
2021-01-17 22:06:20 INFO  EmployeesRestAPI:14 - *******Started TC005_Delete_Employee_Record*******
2021-01-17 22:06:27 INFO  EmployeesRestAPI:60 - ****Finished TC005_Delete_Employee_Record *****
2021-01-17 22:07:06 INFO  EmployeesRestAPI:15 - ****************Started TC001_Get_All Employees ******************
2021-01-17 22:07:10 INFO  EmployeesRestAPI:73 - **************** Checking Content Encoding **************************
2021-01-17 22:07:10 INFO  EmployeesRestAPI:75 - Content Type is ==>gzip
2021-01-17 22:07:10 INFO  EmployeesRestAPI:81 - **************** Checking Content Length **************************
2021-01-17 22:07:10 INFO  EmployeesRestAPI:84 - Content Length is ==>595
2021-01-17 22:07:10 INFO  EmployeesRestAPI:56 - **************** Checking Content Type **************************
2021-01-17 22:07:10 INFO  EmployeesRestAPI:59 - Content Type is ==>application/json;charset=utf-8
2021-01-17 22:07:10 INFO  EmployeesRestAPI:92 - **************** Checking Cookies **************************
2021-01-17 22:07:10 INFO  EmployeesRestAPI:23 - **************** Checking Response Body **************************
2021-01-17 22:07:10 INFO  EmployeesRestAPI:38 - **************** Checking Response Time **************************
2021-01-17 22:07:10 INFO  EmployeesRestAPI:40 - Response Time is ==>647
2021-01-17 22:07:10 INFO  EmployeesRestAPI:65 - **************** Checking Server Type **************************
2021-01-17 22:07:10 INFO  EmployeesRestAPI:67 - Content Type is ==>nginx/1.16.0
2021-01-17 22:07:10 INFO  EmployeesRestAPI:30 - **************** Checking Status Code **************************
2021-01-17 22:07:10 INFO  EmployeesRestAPI:32 - Status code is ==>200
2021-01-17 22:07:10 INFO  EmployeesRestAPI:48 - **************** Checking Status Line **************************
2021-01-17 22:07:10 INFO  EmployeesRestAPI:50 - Status Line is ==>HTTP/1.1 200 OK
2021-01-17 22:07:10 INFO  EmployeesRestAPI:101 - **************** Finished TC001_Get_All_Employees **************************
2021-01-17 22:07:10 INFO  EmployeesRestAPI:15 - **********Started TC002_Get_Single_Employee_Record*********
2021-01-17 22:07:14 INFO  EmployeesRestAPI:65 - ****** Finished TC002_Get_Single_Employee_Record ******
2021-01-17 22:07:14 INFO  EmployeesRestAPI:20 - *******Started TC003_Post_Employee_Record*******
2021-01-17 22:07:20 INFO  EmployeesRestAPI:81 - ****Finished TC003_Post_Employee_Record *****
2021-01-17 22:07:20 INFO  EmployeesRestAPI:19 - *******Started TC004_Put_Employee_Record*******
2021-01-17 22:07:26 INFO  EmployeesRestAPI:80 - ****Finished TC004_Put_Employee_Record *****
2021-01-17 22:07:26 INFO  EmployeesRestAPI:14 - *******Started TC005_Delete_Employee_Record*******
2021-01-17 22:07:32 INFO  EmployeesRestAPI:60 - ****Finished TC005_Delete_Employee_Record *****
2021-01-17 22:09:33 INFO  EmployeesRestAPI:15 - ****************Started TC001_Get_All Employees ******************
2021-01-17 22:09:37 INFO  EmployeesRestAPI:73 - **************** Checking Content Encoding **************************
2021-01-17 22:09:37 INFO  EmployeesRestAPI:75 - Content Type is ==>gzip
2021-01-17 22:09:37 INFO  EmployeesRestAPI:81 - **************** Checking Content Length **************************
2021-01-17 22:09:37 INFO  EmployeesRestAPI:84 - Content Length is ==>595
2021-01-17 22:09:37 INFO  EmployeesRestAPI:56 - **************** Checking Content Type **************************
2021-01-17 22:09:37 INFO  EmployeesRestAPI:59 - Content Type is ==>application/json;charset=utf-8
2021-01-17 22:09:37 INFO  EmployeesRestAPI:92 - **************** Checking Cookies **************************
2021-01-17 22:09:37 INFO  EmployeesRestAPI:23 - **************** Checking Response Body **************************
2021-01-17 22:09:37 INFO  EmployeesRestAPI:38 - **************** Checking Response Time **************************
2021-01-17 22:09:37 INFO  EmployeesRestAPI:40 - Response Time is ==>804
2021-01-17 22:09:37 INFO  EmployeesRestAPI:65 - **************** Checking Server Type **************************
2021-01-17 22:09:37 INFO  EmployeesRestAPI:67 - Content Type is ==>nginx/1.16.0
2021-01-17 22:09:37 INFO  EmployeesRestAPI:30 - **************** Checking Status Code **************************
2021-01-17 22:09:37 INFO  EmployeesRestAPI:32 - Status code is ==>200
2021-01-17 22:09:37 INFO  EmployeesRestAPI:48 - **************** Checking Status Line **************************
2021-01-17 22:09:37 INFO  EmployeesRestAPI:50 - Status Line is ==>HTTP/1.1 200 OK
2021-01-17 22:09:37 INFO  EmployeesRestAPI:101 - **************** Finished TC001_Get_All_Employees **************************
2021-01-17 22:09:37 INFO  EmployeesRestAPI:15 - **********Started TC002_Get_Single_Employee_Record*********
2021-01-17 22:09:41 INFO  EmployeesRestAPI:65 - ****** Finished TC002_Get_Single_Employee_Record ******
2021-01-17 22:09:41 INFO  EmployeesRestAPI:20 - *******Started TC003_Post_Employee_Record*******
2021-01-17 22:09:47 INFO  EmployeesRestAPI:81 - ****Finished TC003_Post_Employee_Record *****
2021-01-17 22:09:47 INFO  EmployeesRestAPI:19 - *******Started TC004_Put_Employee_Record*******
2021-01-17 22:09:53 INFO  EmployeesRestAPI:80 - ****Finished TC004_Put_Employee_Record *****
2021-01-17 22:09:53 INFO  EmployeesRestAPI:14 - *******Started TC005_Delete_Employee_Record*******
2021-01-17 22:09:59 INFO  EmployeesRestAPI:60 - ****Finished TC005_Delete_Employee_Record *****
